#
# There is insufficient memory for the Java Runtime Environment to continue.
# Native memory allocation (malloc) failed to allocate 1861904 bytes for Chunk::new
# Possible reasons:
#   The system is out of physical RAM or swap space
#   In 32 bit mode, the process size limit was hit
# Possible solutions:
#   Reduce memory load on the system
#   Increase physical memory or swap space
#   Check if swap backing store is full
#   Use 64 bit Java on a 64 bit OS
#   Decrease Java heap size (-Xmx/-Xms)
#   Decrease number of Java threads
#   Decrease Java thread stack sizes (-Xss)
#   Set larger code cache with -XX:ReservedCodeCacheSize=
# This output file may be truncated or incomplete.
#
#  Out of Memory Error (allocation.cpp:390), pid=5420, tid=0x0000000000004fb4
#
# JRE version: Java(TM) SE Runtime Environment (8.0_171-b11) (build 1.8.0_171-b11)
# Java VM: Java HotSpot(TM) 64-Bit Server VM (25.171-b11 mixed mode windows-amd64 compressed oops)
# Failed to write core dump. Minidumps are not enabled by default on client versions of Windows
#

---------------  T H R E A D  ---------------

Current thread (0x000000001a968800):  JavaThread "C2 CompilerThread1" daemon [_thread_in_native, id=20404, stack(0x000000001b0d0000,0x000000001b1d0000)]

Stack: [0x000000001b0d0000,0x000000001b1d0000]
[error occurred during error reporting (printing stack bounds), id 0xc0000005]

Native frames: (J=compiled Java code, j=interpreted, Vv=VM code, C=native code)


Current CompileTask:
C2:   6278 3874   !   4       java.net.URLClassLoader$1::run (63 bytes)


---------------  P R O C E S S  ---------------

Java Threads: ( => current thread )
  0x000000001d1dc800 JavaThread "HikariPool-1 housekeeper" daemon [_thread_blocked, id=18308, stack(0x0000000023530000,0x0000000023630000)]
  0x000000001d31f800 JavaThread "mysql-cj-abandoned-connection-cleanup" daemon [_thread_blocked, id=19404, stack(0x0000000022900000,0x0000000022a00000)]
  0x0000000020541000 JavaThread "container-0" [_thread_blocked, id=20944, stack(0x0000000020eb0000,0x0000000020fb0000)]
  0x000000001f2fb800 JavaThread "Catalina-utility-2" [_thread_blocked, id=4856, stack(0x000000001fd40000,0x000000001fe40000)]
  0x00000000211d5000 JavaThread "Catalina-utility-1" [_thread_blocked, id=16768, stack(0x000000001c910000,0x000000001ca10000)]
  0x000000001aa1d800 JavaThread "Service Thread" daemon [_thread_blocked, id=1436, stack(0x000000001b3d0000,0x000000001b4d0000)]
  0x000000001a977000 JavaThread "C1 CompilerThread3" daemon [_thread_in_native, id=16476, stack(0x000000001b2d0000,0x000000001b3d0000)]
  0x000000001a969000 JavaThread "C2 CompilerThread2" daemon [_thread_blocked, id=16508, stack(0x000000001b1d0000,0x000000001b2d0000)]
=>0x000000001a968800 JavaThread "C2 CompilerThread1" daemon [_thread_in_native, id=20404, stack(0x000000001b0d0000,0x000000001b1d0000)]
  0x000000001a959000 JavaThread "C2 CompilerThread0" daemon [_thread_in_native, id=20824, stack(0x000000001afd0000,0x000000001b0d0000)]
  0x000000001a9b4000 JavaThread "Monitor Ctrl-Break" daemon [_thread_in_native, id=15132, stack(0x000000001aed0000,0x000000001afd0000)]
  0x0000000019ee5000 JavaThread "Attach Listener" daemon [_thread_blocked, id=2992, stack(0x000000001a5d0000,0x000000001a6d0000)]
  0x0000000019ee4000 JavaThread "Signal Dispatcher" daemon [_thread_blocked, id=10504, stack(0x000000001a4d0000,0x000000001a5d0000)]
  0x0000000019ed0800 JavaThread "Finalizer" daemon [_thread_blocked, id=14796, stack(0x000000001a2b0000,0x000000001a3b0000)]
  0x0000000017fdf800 JavaThread "Reference Handler" daemon [_thread_blocked, id=476, stack(0x0000000019db0000,0x0000000019eb0000)]
  0x0000000002e22800 JavaThread "main" [_thread_in_native, id=14348, stack(0x0000000002d20000,0x0000000002e20000)]

Other Threads:
  0x0000000017fd7800 VMThread [stack: 0x0000000019cb0000,0x0000000019db0000] [id=8340]
  0x000000001aa8d000 WatcherThread [stack: 0x000000001b640000,0x000000001b740000] [id=17348]

VM state:not at safepoint (normal execution)

VM Mutex/Monitor currently owned by a thread:  ([mutex/lock_event])
[0x0000000002e224d0] SystemDictionary_lock - owner thread: 0x0000000000000000

Heap:
 PSYoungGen      total 245760K, used 203499K [0x00000000d6100000, 0x00000000ec280000, 0x0000000100000000)
  eden space 235008K, 86% used [0x00000000d6100000,0x00000000e27bacc8,0x00000000e4680000)
  from space 10752K, 0% used [0x00000000e4680000,0x00000000e4680000,0x00000000e5100000)
  to   space 10752K, 0% used [0x00000000eb800000,0x00000000eb800000,0x00000000ec280000)
 ParOldGen       total 65536K, used 13668K [0x0000000082200000, 0x0000000086200000, 0x00000000d6100000)
  object space 65536K, 20% used [0x0000000082200000,0x0000000082f59180,0x0000000086200000)
 Metaspace       used 43390K, capacity 45568K, committed 45696K, reserved 1089536K
  class space    used 5821K, capacity 6208K, committed 6272K, reserved 1048576K

Card table byte_map: [0x0000000012480000,0x0000000012870000] byte_map_base: 0x000000001206f000

Marking Bits: (ParMarkBitMap*) 0x000000005ca708c0
 Begin Bits: [0x0000000013310000, 0x0000000015288000)
 End Bits:   [0x0000000015288000, 0x0000000017200000)

Polling page: 0x00000000010f0000

CodeCache: size=245760Kb used=14626Kb max_used=14626Kb free=231133Kb
 bounds [0x00000000030c0000, 0x0000000003f20000, 0x00000000120c0000]
 total_blobs=4388 nmethods=3933 adapters=367
 compilation: enabled

Compilation events (10 events):
Event: 6.239 Thread 0x000000001a969000 3940       4       java.util.jar.JarFile::getManifest (5 bytes)
Event: 6.239 Thread 0x000000001a969000 nmethod 3940 0x0000000003f09ad0 code [0x0000000003f09c20, 0x0000000003f09ca8]
Event: 6.240 Thread 0x000000001a969000 3941       4       sun.misc.URLClassPath$JarLoader$2::getManifest (11 bytes)
Event: 6.240 Thread 0x000000001a977000 3942       3       java.util.regex.Pattern$BmpCharProperty::match (50 bytes)
Event: 6.240 Thread 0x000000001a969000 nmethod 3941 0x0000000003f0b650 code [0x0000000003f0b7a0, 0x0000000003f0b868]
Event: 6.241 Thread 0x000000001a977000 nmethod 3942 0x0000000003f0de90 code [0x0000000003f0e020, 0x0000000003f0e4c8]
Event: 6.241 Thread 0x000000001a977000 3943       1       sun.util.calendar.CalendarDate::getYear (5 bytes)
Event: 6.241 Thread 0x000000001a977000 nmethod 3943 0x0000000003f0b390 code [0x0000000003f0b4e0, 0x0000000003f0b5f0]
Event: 6.265 Thread 0x000000001a977000 3944       1       com.mysql.cj.protocol.a.NativeProtocol::getServerSession (5 bytes)
Event: 6.265 Thread 0x000000001a977000 nmethod 3944 0x0000000003f0b090 code [0x0000000003f0b1e0, 0x0000000003f0b2f0]

GC Heap History (10 events):
Event: 2.295 GC heap before
{Heap before GC invocations=7 (full 1):
 PSYoungGen      total 139264K, used 5784K [0x00000000d6100000, 0x00000000df100000, 0x0000000100000000)
  eden space 131072K, 0% used [0x00000000d6100000,0x00000000d6100000,0x00000000de100000)
  from space 8192K, 70% used [0x00000000de900000,0x00000000deea6300,0x00000000df100000)
  to   space 8192K, 0% used [0x00000000de100000,0x00000000de100000,0x00000000de900000)
 ParOldGen       total 86016K, used 4056K [0x0000000082200000, 0x0000000087600000, 0x00000000d6100000)
  object space 86016K, 4% used [0x0000000082200000,0x00000000825f6010,0x0000000087600000)
 Metaspace       used 20148K, capacity 21072K, committed 21248K, reserved 1067008K
  class space    used 2733K, capacity 2958K, committed 3072K, reserved 1048576K
Event: 2.318 GC heap after
Heap after GC invocations=7 (full 1):
 PSYoungGen      total 139264K, used 0K [0x00000000d6100000, 0x00000000df100000, 0x0000000100000000)
  eden space 131072K, 0% used [0x00000000d6100000,0x00000000d6100000,0x00000000de100000)
  from space 8192K, 0% used [0x00000000de900000,0x00000000de900000,0x00000000df100000)
  to   space 8192K, 0% used [0x00000000de100000,0x00000000de100000,0x00000000de900000)
 ParOldGen       total 46080K, used 5734K [0x0000000082200000, 0x0000000084f00000, 0x00000000d6100000)
  object space 46080K, 12% used [0x0000000082200000,0x0000000082799bc8,0x0000000084f00000)
 Metaspace       used 20148K, capacity 21072K, committed 21248K, reserved 1067008K
  class space    used 2733K, capacity 2958K, committed 3072K, reserved 1048576K
}
Event: 2.964 GC heap before
{Heap before GC invocations=8 (full 1):
 PSYoungGen      total 139264K, used 131072K [0x00000000d6100000, 0x00000000df100000, 0x0000000100000000)
  eden space 131072K, 100% used [0x00000000d6100000,0x00000000de100000,0x00000000de100000)
  from space 8192K, 0% used [0x00000000de900000,0x00000000de900000,0x00000000df100000)
  to   space 8192K, 0% used [0x00000000de100000,0x00000000de100000,0x00000000de900000)
 ParOldGen       total 46080K, used 5734K [0x0000000082200000, 0x0000000084f00000, 0x00000000d6100000)
  object space 46080K, 12% used [0x0000000082200000,0x0000000082799bc8,0x0000000084f00000)
 Metaspace       used 25516K, capacity 26634K, committed 26752K, reserved 1073152K
  class space    used 3377K, capacity 3637K, committed 3712K, reserved 1048576K
Event: 2.973 GC heap after
Heap after GC invocations=8 (full 1):
 PSYoungGen      total 139264K, used 8101K [0x00000000d6100000, 0x00000000e5b80000, 0x0000000100000000)
  eden space 131072K, 0% used [0x00000000d6100000,0x00000000d6100000,0x00000000de100000)
  from space 8192K, 98% used [0x00000000de100000,0x00000000de8e96a8,0x00000000de900000)
  to   space 8704K, 0% used [0x00000000e5300000,0x00000000e5300000,0x00000000e5b80000)
 ParOldGen       total 46080K, used 5742K [0x0000000082200000, 0x0000000084f00000, 0x00000000d6100000)
  object space 46080K, 12% used [0x0000000082200000,0x000000008279bbc8,0x0000000084f00000)
 Metaspace       used 25516K, capacity 26634K, committed 26752K, reserved 1073152K
  class space    used 3377K, capacity 3637K, committed 3712K, reserved 1048576K
}
Event: 4.095 GC heap before
{Heap before GC invocations=9 (full 1):
 PSYoungGen      total 139264K, used 139173K [0x00000000d6100000, 0x00000000e5b80000, 0x0000000100000000)
  eden space 131072K, 100% used [0x00000000d6100000,0x00000000de100000,0x00000000de100000)
  from space 8192K, 98% used [0x00000000de100000,0x00000000de8e96a8,0x00000000de900000)
  to   space 8704K, 0% used [0x00000000e5300000,0x00000000e5300000,0x00000000e5b80000)
 ParOldGen       total 46080K, used 5742K [0x0000000082200000, 0x0000000084f00000, 0x00000000d6100000)
  object space 46080K, 12% used [0x0000000082200000,0x000000008279bbc8,0x0000000084f00000)
 Metaspace       used 31232K, capacity 32772K, committed 32896K, reserved 1077248K
  class space    used 4127K, capacity 4418K, committed 4480K, reserved 1048576K
Event: 4.104 GC heap after
Heap after GC invocations=9 (full 1):
 PSYoungGen      total 243200K, used 8698K [0x00000000d6100000, 0x00000000e5b80000, 0x0000000100000000)
  eden space 234496K, 0% used [0x00000000d6100000,0x00000000d6100000,0x00000000e4600000)
  from space 8704K, 99% used [0x00000000e5300000,0x00000000e5b7ea48,0x00000000e5b80000)
  to   space 10752K, 0% used [0x00000000e4680000,0x00000000e4680000,0x00000000e5100000)
 ParOldGen       total 46080K, used 7748K [0x0000000082200000, 0x0000000084f00000, 0x00000000d6100000)
  object space 46080K, 16% used [0x0000000082200000,0x0000000082991398,0x0000000084f00000)
 Metaspace       used 31232K, capacity 32772K, committed 32896K, reserved 1077248K
  class space    used 4127K, capacity 4418K, committed 4480K, reserved 1048576K
}
Event: 4.683 GC heap before
{Heap before GC invocations=10 (full 1):
 PSYoungGen      total 243200K, used 57236K [0x00000000d6100000, 0x00000000e5b80000, 0x0000000100000000)
  eden space 234496K, 20% used [0x00000000d6100000,0x00000000d9066630,0x00000000e4600000)
  from space 8704K, 99% used [0x00000000e5300000,0x00000000e5b7ea48,0x00000000e5b80000)
  to   space 10752K, 0% used [0x00000000e4680000,0x00000000e4680000,0x00000000e5100000)
 ParOldGen       total 46080K, used 7748K [0x0000000082200000, 0x0000000084f00000, 0x00000000d6100000)
  object space 46080K, 16% used [0x0000000082200000,0x0000000082991398,0x0000000084f00000)
 Metaspace       used 33329K, capacity 35306K, committed 35416K, reserved 1079296K
  class space    used 4427K, capacity 4803K, committed 4864K, reserved 1048576K
Event: 4.690 GC heap after
Heap after GC invocations=10 (full 1):
 PSYoungGen      total 245760K, used 8677K [0x00000000d6100000, 0x00000000ec280000, 0x0000000100000000)
  eden space 235008K, 0% used [0x00000000d6100000,0x00000000d6100000,0x00000000e4680000)
  from space 10752K, 80% used [0x00000000e4680000,0x00000000e4ef95c0,0x00000000e5100000)
  to   space 10752K, 0% used [0x00000000eb800000,0x00000000eb800000,0x00000000ec280000)
 ParOldGen       total 46080K, used 7756K [0x0000000082200000, 0x0000000084f00000, 0x00000000d6100000)
  object space 46080K, 16% used [0x0000000082200000,0x0000000082993398,0x0000000084f00000)
 Metaspace       used 33329K, capacity 35306K, committed 35416K, reserved 1079296K
  class space    used 4427K, capacity 4803K, committed 4864K, reserved 1048576K
}
Event: 4.690 GC heap before
{Heap before GC invocations=11 (full 2):
 PSYoungGen      total 245760K, used 8677K [0x00000000d6100000, 0x00000000ec280000, 0x0000000100000000)
  eden space 235008K, 0% used [0x00000000d6100000,0x00000000d6100000,0x00000000e4680000)
  from space 10752K, 80% used [0x00000000e4680000,0x00000000e4ef95c0,0x00000000e5100000)
  to   space 10752K, 0% used [0x00000000eb800000,0x00000000eb800000,0x00000000ec280000)
 ParOldGen       total 46080K, used 7756K [0x0000000082200000, 0x0000000084f00000, 0x00000000d6100000)
  object space 46080K, 16% used [0x0000000082200000,0x0000000082993398,0x0000000084f00000)
 Metaspace       used 33329K, capacity 35306K, committed 35416K, reserved 1079296K
  class space    used 4427K, capacity 4803K, committed 4864K, reserved 1048576K
Event: 4.724 GC heap after
Heap after GC invocations=11 (full 2):
 PSYoungGen      total 245760K, used 0K [0x00000000d6100000, 0x00000000ec280000, 0x0000000100000000)
  eden space 235008K, 0% used [0x00000000d6100000,0x00000000d6100000,0x00000000e4680000)
  from space 10752K, 0% used [0x00000000e4680000,0x00000000e4680000,0x00000000e5100000)
  to   space 10752K, 0% used [0x00000000eb800000,0x00000000eb800000,0x00000000ec280000)
 ParOldGen       total 65536K, used 13668K [0x0000000082200000, 0x0000000086200000, 0x00000000d6100000)
  object space 65536K, 20% used [0x0000000082200000,0x0000000082f59180,0x0000000086200000)
 Metaspace       used 33329K, capacity 35306K, committed 35416K, reserved 1079296K
  class space    used 4427K, capacity 4803K, committed 4864K, reserved 1048576K
}

Deoptimization events (10 events):
Event: 5.980 Thread 0x0000000002e22800 Uncommon trap: reason=bimorphic action=maybe_recompile pc=0x000000000366b130 method=java.util.regex.Matcher.match(II)Z @ 86
Event: 5.980 Thread 0x0000000002e22800 Uncommon trap: reason=bimorphic action=maybe_recompile pc=0x000000000366b130 method=java.util.regex.Matcher.match(II)Z @ 86
Event: 5.980 Thread 0x0000000002e22800 Uncommon trap: reason=bimorphic action=maybe_recompile pc=0x000000000366b130 method=java.util.regex.Matcher.match(II)Z @ 86
Event: 5.982 Thread 0x0000000002e22800 Uncommon trap: reason=unstable_if action=reinterpret pc=0x0000000003d804ac method=java.net.URI.match(CJJ)Z @ 45
Event: 5.988 Thread 0x0000000002e22800 Uncommon trap: reason=unstable_if action=reinterpret pc=0x0000000003d2c834 method=java.util.Properties$LineReader.readLine()I @ 328
Event: 6.113 Thread 0x0000000002e22800 Uncommon trap: reason=unstable_if action=reinterpret pc=0x000000000335eb60 method=java.net.URI.match(CJJ)Z @ 45
Event: 6.152 Thread 0x0000000002e22800 Uncommon trap: reason=unstable_if action=reinterpret pc=0x0000000003e7b3c0 method=sun.misc.ASCIICaseInsensitiveComparator.compare(Ljava/lang/String;Ljava/lang/String;)I @ 14
Event: 6.190 Thread 0x0000000002e22800 Uncommon trap: reason=unstable_if action=reinterpret pc=0x000000000341e1c4 method=sun.nio.cs.UTF_8$Decoder.decode([BII[C)I @ 30
Event: 6.205 Thread 0x0000000002e22800 Uncommon trap: reason=unstable_if action=reinterpret pc=0x0000000003d3d10c method=java.lang.ThreadLocal$ThreadLocalMap.getEntry(Ljava/lang/ThreadLocal;)Ljava/lang/ThreadLocal$ThreadLocalMap$Entry; @ 29
Event: 6.249 Thread 0x0000000002e22800 Uncommon trap: reason=bimorphic action=maybe_recompile pc=0x00000000035e97dc method=java.util.HashMap.putVal(ILjava/lang/Object;Ljava/lang/Object;ZZ)Ljava/lang/Object; @ 203

Classes redefined (0 events):
No events

Internal exceptions (10 events):
Event: 5.320 Thread 0x0000000002e22800 Exception <a 'java/lang/ClassNotFoundException': org/springframework/beans/factory/BeanClassLoaderAwareCustomizer> (0x00000000dd2f32d8) thrown at [C:\re\workspace\8-2-build-windows-amd64-cygwin\jdk8u171\10807\hotspot\src\share\vm\classfile\systemDictionar
Event: 5.321 Thread 0x0000000002e22800 Exception <a 'java/lang/ClassNotFoundException': org/springframework/beans/factory/AwareCustomizer> (0x00000000dd315720) thrown at [C:\re\workspace\8-2-build-windows-amd64-cygwin\jdk8u171\10807\hotspot\src\share\vm\classfile\systemDictionary.cpp, line 210
Event: 5.322 Thread 0x0000000002e22800 Exception <a 'java/lang/ClassNotFoundException': org/springframework/beans/factory/BeanFactoryAwareCustomizer> (0x00000000dd33bf30) thrown at [C:\re\workspace\8-2-build-windows-amd64-cygwin\jdk8u171\10807\hotspot\src\share\vm\classfile\systemDictionary.cp
Event: 5.323 Thread 0x0000000002e22800 Exception <a 'java/lang/ClassNotFoundException': org/springframework/beans/factory/AwareCustomizer> (0x00000000dd35e8d8) thrown at [C:\re\workspace\8-2-build-windows-amd64-cygwin\jdk8u171\10807\hotspot\src\share\vm\classfile\systemDictionary.cpp, line 210
Event: 5.323 Thread 0x0000000002e22800 Exception <a 'java/lang/ClassNotFoundException': org/springframework/beans/factory/BeanNameAwareCustomizer> (0x00000000dd383480) thrown at [C:\re\workspace\8-2-build-windows-amd64-cygwin\jdk8u171\10807\hotspot\src\share\vm\classfile\systemDictionary.cpp, 
Event: 5.324 Thread 0x0000000002e22800 Exception <a 'java/lang/ClassNotFoundException': org/springframework/beans/factory/AwareCustomizer> (0x00000000dd3a57e8) thrown at [C:\re\workspace\8-2-build-windows-amd64-cygwin\jdk8u171\10807\hotspot\src\share\vm\classfile\systemDictionary.cpp, line 210
Event: 5.325 Thread 0x0000000002e22800 Exception <a 'java/lang/ClassNotFoundException': org/springframework/beans/factory/InitializingBeanCustomizer> (0x00000000dd3cbff8) thrown at [C:\re\workspace\8-2-build-windows-amd64-cygwin\jdk8u171\10807\hotspot\src\share\vm\classfile\systemDictionary.cp
Event: 5.327 Thread 0x0000000002e22800 Exception <a 'java/lang/ClassNotFoundException': org/springframework/beans/factory/DisposableBeanCustomizer> (0x00000000dd3f1428) thrown at [C:\re\workspace\8-2-build-windows-amd64-cygwin\jdk8u171\10807\hotspot\src\share\vm\classfile\systemDictionary.cpp,
Event: 5.328 Thread 0x0000000002e22800 Exception <a 'java/lang/ClassNotFoundException': org/springframework/orm/jpa/EntityManagerFactoryInfoCustomizer> (0x00000000dd419068) thrown at [C:\re\workspace\8-2-build-windows-amd64-cygwin\jdk8u171\10807\hotspot\src\share\vm\classfile\systemDictionary.
Event: 5.329 Thread 0x0000000002e22800 Exception <a 'java/lang/ClassNotFoundException': org/springframework/dao/support/PersistenceExceptionTranslatorCustomizer> (0x00000000dd451c90) thrown at [C:\re\workspace\8-2-build-windows-amd64-cygwin\jdk8u171\10807\hotspot\src\share\vm\classfile\systemD

Events (10 events):
Event: 6.272 loading class com/mysql/cj/AbstractQuery
Event: 6.272 loading class com/mysql/cj/AbstractQuery done
Event: 6.272 loading class java/util/TimerTask
Event: 6.272 loading class java/util/TimerTask done
Event: 6.272 loading class com/mysql/cj/CancelQueryTaskImpl
Event: 6.272 loading class com/mysql/cj/CancelQueryTaskImpl done
Event: 6.273 loading class com/mysql/cj/CancelQueryTask
Event: 6.273 loading class com/mysql/cj/CancelQueryTask done
Event: 6.273 loading class com/mysql/cj/Query$CancelStatus
Event: 6.273 loading class com/mysql/cj/Query$CancelStatus done


Dynamic libraries:
0x00007ff650180000 - 0x00007ff6501b7000 	C:\Program Files\Java\jdk1.8.0_171\bin\java.exe
0x00007ffe10cc0000 - 0x00007ffe10eb0000 	C:\WINDOWS\SYSTEM32\ntdll.dll
0x00007ffdfa780000 - 0x00007ffdfa793000 	C:\Program Files\AVAST Software\Avast\aswhook.dll
0x00007ffe0f920000 - 0x00007ffe0f9d2000 	C:\WINDOWS\System32\KERNEL32.DLL
0x00007ffe0dd20000 - 0x00007ffe0dfc4000 	C:\WINDOWS\System32\KERNELBASE.dll
0x00007ffe102f0000 - 0x00007ffe10393000 	C:\WINDOWS\System32\ADVAPI32.dll
0x00007ffe10630000 - 0x00007ffe106ce000 	C:\WINDOWS\System32\msvcrt.dll
0x00007ffe0f460000 - 0x00007ffe0f4f7000 	C:\WINDOWS\System32\sechost.dll
0x00007ffe0f510000 - 0x00007ffe0f630000 	C:\WINDOWS\System32\RPCRT4.dll
0x00007ffe0fce0000 - 0x00007ffe0fe74000 	C:\WINDOWS\System32\USER32.dll
0x00007ffe0dcf0000 - 0x00007ffe0dd11000 	C:\WINDOWS\System32\win32u.dll
0x00007ffe0f630000 - 0x00007ffe0f656000 	C:\WINDOWS\System32\GDI32.dll
0x00007ffe0ebd0000 - 0x00007ffe0ed65000 	C:\WINDOWS\System32\gdi32full.dll
0x00007ffe0dc50000 - 0x00007ffe0dcee000 	C:\WINDOWS\System32\msvcp_win.dll
0x00007ffe0dfd0000 - 0x00007ffe0e0ca000 	C:\WINDOWS\System32\ucrtbase.dll
0x00007ffde5990000 - 0x00007ffde5c14000 	C:\WINDOWS\WinSxS\amd64_microsoft.windows.common-controls_6595b64144ccf1df_6.0.18362.900_none_e6beb9d913147d17\COMCTL32.dll
0x00007ffe106e0000 - 0x00007ffe10a15000 	C:\WINDOWS\System32\combase.dll
0x00007ffe0eb50000 - 0x00007ffe0ebd0000 	C:\WINDOWS\System32\bcryptPrimitives.dll
0x00007ffe0fa50000 - 0x00007ffe0fa7e000 	C:\WINDOWS\System32\IMM32.DLL
0x000000005caf0000 - 0x000000005cbc2000 	C:\Program Files\Java\jdk1.8.0_171\jre\bin\msvcr100.dll
0x000000005c250000 - 0x000000005caf0000 	C:\Program Files\Java\jdk1.8.0_171\jre\bin\server\jvm.dll
0x00007ffe0f500000 - 0x00007ffe0f508000 	C:\WINDOWS\System32\PSAPI.DLL
0x00007ffdfb7e0000 - 0x00007ffdfb7e9000 	C:\WINDOWS\SYSTEM32\WSOCK32.dll
0x00007ffe10420000 - 0x00007ffe1048f000 	C:\WINDOWS\System32\WS2_32.dll
0x00007ffe0a500000 - 0x00007ffe0a524000 	C:\WINDOWS\SYSTEM32\WINMM.dll
0x00007ffe083e0000 - 0x00007ffe083ea000 	C:\WINDOWS\SYSTEM32\VERSION.dll
0x00007ffe0a4d0000 - 0x00007ffe0a4fd000 	C:\WINDOWS\SYSTEM32\WINMMBASE.dll
0x00007ffe0e0d0000 - 0x00007ffe0e11a000 	C:\WINDOWS\System32\cfgmgr32.dll
0x000000005c240000 - 0x000000005c24f000 	C:\Program Files\Java\jdk1.8.0_171\jre\bin\verify.dll
0x000000005c210000 - 0x000000005c239000 	C:\Program Files\Java\jdk1.8.0_171\jre\bin\java.dll
0x000000005bd80000 - 0x000000005bda3000 	C:\Program Files\Java\jdk1.8.0_171\jre\bin\instrument.dll
0x000000005c1f0000 - 0x000000005c206000 	C:\Program Files\Java\jdk1.8.0_171\jre\bin\zip.dll
0x00007ffe0ed70000 - 0x00007ffe0f456000 	C:\WINDOWS\System32\SHELL32.dll
0x00007ffe0f660000 - 0x00007ffe0f709000 	C:\WINDOWS\System32\shcore.dll
0x00007ffe0e120000 - 0x00007ffe0e8a0000 	C:\WINDOWS\System32\windows.storage.dll
0x00007ffe0dc20000 - 0x00007ffe0dc43000 	C:\WINDOWS\System32\profapi.dll
0x00007ffe0db90000 - 0x00007ffe0dbda000 	C:\WINDOWS\System32\powrprof.dll
0x00007ffe0db80000 - 0x00007ffe0db90000 	C:\WINDOWS\System32\UMPDC.dll
0x00007ffe10c20000 - 0x00007ffe10c72000 	C:\WINDOWS\System32\shlwapi.dll
0x00007ffe0dc00000 - 0x00007ffe0dc11000 	C:\WINDOWS\System32\kernel.appcore.dll
0x00007ffe0eb30000 - 0x00007ffe0eb47000 	C:\WINDOWS\System32\cryptsp.dll
0x00007ffe04730000 - 0x00007ffe0474a000 	C:\Users\EQUIPO\AppData\Local\JetBrains\Toolbox\apps\IDEA-U\ch-0\201.6668.121\bin\breakgen64.dll
0x000000005c1a0000 - 0x000000005c1ba000 	C:\Program Files\Java\jdk1.8.0_171\jre\bin\net.dll
0x00007ffe0d390000 - 0x00007ffe0d3f7000 	C:\WINDOWS\system32\mswsock.dll
0x000000005c180000 - 0x000000005c191000 	C:\Program Files\Java\jdk1.8.0_171\jre\bin\nio.dll
0x000000005c1e0000 - 0x000000005c1ed000 	C:\Program Files\Java\jdk1.8.0_171\jre\bin\management.dll
0x00007ffde4900000 - 0x00007ffde4916000 	C:\WINDOWS\system32\napinsp.dll
0x00007ffde3de0000 - 0x00007ffde3dfa000 	C:\WINDOWS\system32\pnrpnsp.dll
0x00007ffe0d0e0000 - 0x00007ffe0d1ab000 	C:\WINDOWS\SYSTEM32\DNSAPI.dll
0x00007ffe106d0000 - 0x00007ffe106d8000 	C:\WINDOWS\System32\NSI.dll
0x00007ffe0d0a0000 - 0x00007ffe0d0da000 	C:\WINDOWS\SYSTEM32\IPHLPAPI.DLL
0x00007ffde1f80000 - 0x00007ffde1f8e000 	C:\WINDOWS\System32\winrnr.dll
0x00007ffe0a100000 - 0x00007ffe0a11c000 	C:\WINDOWS\system32\NLAapi.dll
0x00007ffde1f00000 - 0x00007ffde1f15000 	C:\WINDOWS\system32\wshbth.dll
0x00007ffdfd2c0000 - 0x00007ffdfd2ca000 	C:\Windows\System32\rasadhlp.dll
0x00007ffe04910000 - 0x00007ffe04987000 	C:\WINDOWS\System32\fwpuclnt.dll
0x00007ffe0e8a0000 - 0x00007ffe0e8c6000 	C:\WINDOWS\System32\bcrypt.dll
0x00007ffe0cf00000 - 0x00007ffe0cf33000 	C:\WINDOWS\system32\rsaenh.dll
0x00007ffe0da70000 - 0x00007ffe0da95000 	C:\WINDOWS\SYSTEM32\USERENV.dll
0x00007ffe0d560000 - 0x00007ffe0d56c000 	C:\WINDOWS\SYSTEM32\CRYPTBASE.dll
0x00007ffe05320000 - 0x00007ffe05336000 	C:\WINDOWS\SYSTEM32\dhcpcsvc6.DLL
0x00007ffe05cc0000 - 0x00007ffe05cdc000 	C:\WINDOWS\SYSTEM32\dhcpcsvc.DLL

VM Arguments:
jvm_args: -Dorg.jetbrains.run.directory=F:\PruebasOpen\Nueva carpeta\PetCare-Backend-OS\src\test\resources\features -javaagent:C:\Users\EQUIPO\AppData\Local\JetBrains\Toolbox\apps\IDEA-U\ch-0\201.6668.121\lib\idea_rt.jar=7510:C:\Users\EQUIPO\AppData\Local\JetBrains\Toolbox\apps\IDEA-U\ch-0\201.6668.121\bin -Dfile.encoding=UTF-8 
java_command: io.cucumber.core.cli.Main --plugin org.jetbrains.plugins.cucumber.java.run.CucumberJvm5SMFormatter --glue com.pe.edu.upc.petcare.cucumber --glue cucumber.api.spring F:/PruebasOpen/Nueva carpeta/PetCare-Backend-OS/src/test/resources/features/person_profile.feature
java_class_path (initial): C:\Program Files\Java\jdk1.8.0_171\jre\lib\charsets.jar;C:\Program Files\Java\jdk1.8.0_171\jre\lib\deploy.jar;C:\Program Files\Java\jdk1.8.0_171\jre\lib\ext\access-bridge-64.jar;C:\Program Files\Java\jdk1.8.0_171\jre\lib\ext\cldrdata.jar;C:\Program Files\Java\jdk1.8.0_171\jre\lib\ext\dnsns.jar;C:\Program Files\Java\jdk1.8.0_171\jre\lib\ext\jaccess.jar;C:\Program Files\Java\jdk1.8.0_171\jre\lib\ext\jfxrt.jar;C:\Program Files\Java\jdk1.8.0_171\jre\lib\ext\localedata.jar;C:\Program Files\Java\jdk1.8.0_171\jre\lib\ext\nashorn.jar;C:\Program Files\Java\jdk1.8.0_171\jre\lib\ext\sunec.jar;C:\Program Files\Java\jdk1.8.0_171\jre\lib\ext\sunjce_provider.jar;C:\Program Files\Java\jdk1.8.0_171\jre\lib\ext\sunmscapi.jar;C:\Program Files\Java\jdk1.8.0_171\jre\lib\ext\sunpkcs11.jar;C:\Program Files\Java\jdk1.8.0_171\jre\lib\ext\zipfs.jar;C:\Program Files\Java\jdk1.8.0_171\jre\lib\javaws.jar;C:\Program Files\Java\jdk1.8.0_171\jre\lib\jce.jar;C:\Program Files\Java\jdk1.8.0_171\jre\lib\jfr.jar;C:\Program Files\Java\jdk1.8.0_171\jre\lib\jfxswt.jar;C:\Program Files\Java\jdk1.8.0_171\jre\lib\jsse.jar;C:\Program Files\Java\jdk1.8.0_171\jre\lib\management-agent.jar;C:\Program Files\Java\jdk1.8.0_171\jre\lib\plugin.jar;C:\Program Files\Java\jdk1.8.0_171\jre\lib\resources.jar;C:\Program Files\Java\jdk1.8.0_171\jre\lib\rt.jar;F:\PruebasOpen\Nueva carpeta\PetCare-Backend-OS\target\test-classes;F:\PruebasOpen\Nueva carpeta\PetCare-Backend-OS\target\classes;C:\Users\EQUIPO\.m2\repository\org\postgresql\postgresql\42.2.12\postgresql-42.2.12.jar;C:\Users\EQUIPO\.m2\repository\org\projectlombok\lombok\1.18.12\lombok-1.18.12.jar;C:\Users\EQUIPO\.m2\repository\org\springdoc\springdoc-openapi-ui\1.3.7\springdoc-openapi-ui-1.3.7.jar;C:\Users\EQUIPO\.m2\repository\org\springdoc\springdoc-openapi-webmvc-core\1.3.7\springdoc-openapi-webmvc-core-1.3.7.jar;C:\Users\EQUIPO\.m2\repository\org\springdoc\springdoc-openapi-common\1.3.7\springdoc-openapi-common-1.3.7.jar;C:\Users\EQU
Launcher Type: SUN_STANDARD

Environment Variables:
USERNAME=EQUIPO
OS=Windows_NT
PROCESSOR_IDENTIFIER=Intel64 Family 6 Model 158 Stepping 9, GenuineIntel



---------------  S Y S T E M  ---------------

OS: Windows 10.0 , 64 bit Build 18362 (10.0.18362.900)

CPU:total 8 (initial active 8) (4 cores per cpu, 2 threads per core) family 6 model 158 stepping 9, cmov, cx8, fxsr, mmx, sse, sse2, sse3, ssse3, sse4.1, sse4.2, popcnt, avx, avx2, aes, clmul, erms, rtm, 3dnowpref, lzcnt, ht, tsc, tscinvbit, bmi1, bmi2, adx

Memory: 4k page, physical 8242332k(975948k free), swap 12432540k(6216k free)

vm_info: Java HotSpot(TM) 64-Bit Server VM (25.171-b11) for windows-amd64 JRE (1.8.0_171-b11), built on Mar 28 2018 16:06:12 by "java_re" with MS VC++ 10.0 (VS2010)

time: Sat Jun 20 09:56:38 2020
elapsed time: 6 seconds (0d 0h 0m 6s)

