#
# There is insufficient memory for the Java Runtime Environment to continue.
# Native memory allocation (malloc) failed to allocate 32744 bytes for ChunkPool::allocate
# Possible reasons:
#   The system is out of physical RAM or swap space
#   In 32 bit mode, the process size limit was hit
# Possible solutions:
#   Reduce memory load on the system
#   Increase physical memory or swap space
#   Check if swap backing store is full
#   Use 64 bit Java on a 64 bit OS
#   Decrease Java heap size (-Xmx/-Xms)
#   Decrease number of Java threads
#   Decrease Java thread stack sizes (-Xss)
#   Set larger code cache with -XX:ReservedCodeCacheSize=
# This output file may be truncated or incomplete.
#
#  Out of Memory Error (allocation.cpp:273), pid=14484, tid=0x0000000000003454
#
# JRE version: Java(TM) SE Runtime Environment (8.0_171-b11) (build 1.8.0_171-b11)
# Java VM: Java HotSpot(TM) 64-Bit Server VM (25.171-b11 mixed mode windows-amd64 compressed oops)
# Failed to write core dump. Minidumps are not enabled by default on client versions of Windows
#

---------------  T H R E A D  ---------------

Current thread (0x0000000019db4800):  JavaThread "C2 CompilerThread1" daemon [_thread_in_native, id=13396, stack(0x000000001a520000,0x000000001a620000)]

Stack: [0x000000001a520000,0x000000001a620000]
[error occurred during error reporting (printing stack bounds), id 0xc0000005]

Native frames: (J=compiled Java code, j=interpreted, Vv=VM code, C=native code)


Current CompileTask:
C2:   6208 3931       4       java.net.URLClassLoader$1::run (5 bytes)


---------------  P R O C E S S  ---------------

Java Threads: ( => current thread )
  0x000000001c3d0800 JavaThread "HikariPool-1 housekeeper" daemon [_thread_blocked, id=2968, stack(0x00000000214d0000,0x00000000215d0000)]
  0x000000001c3d3000 JavaThread "mysql-cj-abandoned-connection-cleanup" daemon [_thread_blocked, id=7704, stack(0x000000001f440000,0x000000001f540000)]
  0x000000001c3d3800 JavaThread "container-0" [_thread_blocked, id=14596, stack(0x000000001f0a0000,0x000000001f1a0000)]
  0x000000001c3cf000 JavaThread "Catalina-utility-2" [_thread_blocked, id=14000, stack(0x000000001d7b0000,0x000000001d8b0000)]
  0x000000001c3ce800 JavaThread "Catalina-utility-1" [_thread_blocked, id=15156, stack(0x000000001cd30000,0x000000001ce30000)]
  0x0000000019e72000 JavaThread "Service Thread" daemon [_thread_blocked, id=7548, stack(0x000000001a820000,0x000000001a920000)]
  0x0000000019dc6000 JavaThread "C1 CompilerThread3" daemon [_thread_blocked, id=12020, stack(0x000000001a720000,0x000000001a820000)]
  0x0000000019db9800 JavaThread "C2 CompilerThread2" daemon [_thread_in_native, id=13432, stack(0x000000001a620000,0x000000001a720000)]
=>0x0000000019db4800 JavaThread "C2 CompilerThread1" daemon [_thread_in_native, id=13396, stack(0x000000001a520000,0x000000001a620000)]
  0x0000000019db2000 JavaThread "C2 CompilerThread0" daemon [_thread_in_native, id=7524, stack(0x000000001a420000,0x000000001a520000)]
  0x0000000019d6c800 JavaThread "Monitor Ctrl-Break" daemon [_thread_in_native, id=3960, stack(0x000000001a320000,0x000000001a420000)]
  0x0000000019335000 JavaThread "Attach Listener" daemon [_thread_blocked, id=5956, stack(0x0000000019a20000,0x0000000019b20000)]
  0x0000000019334000 JavaThread "Signal Dispatcher" daemon [_thread_blocked, id=21128, stack(0x0000000019920000,0x0000000019a20000)]
  0x00000000173e8000 JavaThread "Finalizer" daemon [_thread_blocked, id=6108, stack(0x0000000019700000,0x0000000019800000)]
  0x00000000173e1000 JavaThread "Reference Handler" daemon [_thread_blocked, id=19012, stack(0x0000000019200000,0x0000000019300000)]
  0x0000000002282800 JavaThread "main" [_thread_in_vm, id=11048, stack(0x00000000020e0000,0x00000000021e0000)]

Other Threads:
  0x00000000173d9000 VMThread [stack: 0x0000000019100000,0x0000000019200000] [id=12660]
  0x0000000019eea000 WatcherThread [stack: 0x000000001aa90000,0x000000001ab90000] [id=12668]

VM state:not at safepoint (normal execution)

VM Mutex/Monitor currently owned by a thread: None

Heap:
 PSYoungGen      total 232960K, used 202056K [0x00000000d6100000, 0x00000000ea180000, 0x0000000100000000)
  eden space 222208K, 90% used [0x00000000d6100000,0x00000000e26523a0,0x00000000e3a00000)
  from space 10752K, 0% used [0x00000000e3a00000,0x00000000e3a00000,0x00000000e4480000)
  to   space 10752K, 0% used [0x00000000e9700000,0x00000000e9700000,0x00000000ea180000)
 ParOldGen       total 49664K, used 13676K [0x0000000082200000, 0x0000000085280000, 0x00000000d6100000)
  object space 49664K, 27% used [0x0000000082200000,0x0000000082f5b0b0,0x0000000085280000)
 Metaspace       used 43448K, capacity 45636K, committed 45952K, reserved 1089536K
  class space    used 5827K, capacity 6208K, committed 6272K, reserved 1048576K

Card table byte_map: [0x0000000011880000,0x0000000011c70000] byte_map_base: 0x000000001146f000

Marking Bits: (ParMarkBitMap*) 0x000000005ca708c0
 Begin Bits: [0x0000000012710000, 0x0000000014688000)
 End Bits:   [0x0000000014688000, 0x0000000016600000)

Polling page: 0x00000000005e0000

CodeCache: size=245760Kb used=14750Kb max_used=14750Kb free=231009Kb
 bounds [0x00000000024c0000, 0x0000000003340000, 0x00000000114c0000]
 total_blobs=4442 nmethods=3987 adapters=367
 compilation: enabled

Compilation events (10 events):
Event: 6.203 Thread 0x0000000019dc6000 3998       1       com.mysql.cj.protocol.a.NativeProtocol::getPacketReader (5 bytes)
Event: 6.203 Thread 0x0000000019dc6000 nmethod 3998 0x00000000025f0910 code [0x00000000025f0a60, 0x00000000025f0b70]
Event: 6.203 Thread 0x0000000019dc6000 3999       1       com.mysql.cj.protocol.a.NativePacketHeader::getBuffer (5 bytes)
Event: 6.204 Thread 0x0000000019dc6000 nmethod 3999 0x00000000025f0650 code [0x00000000025f07a0, 0x00000000025f08b0]
Event: 6.204 Thread 0x0000000019dc6000 4002       1       com.mysql.cj.protocol.a.NativePacketPayload::getPayloadLength (5 bytes)
Event: 6.204 Thread 0x0000000019dc6000 nmethod 4002 0x00000000025f0390 code [0x00000000025f04e0, 0x00000000025f05f0]
Event: 6.205 Thread 0x0000000019dc6000 4001       1       com.mysql.cj.result.Field::getMysqlType (5 bytes)
Event: 6.205 Thread 0x0000000019dc6000 nmethod 4001 0x00000000025f00d0 code [0x00000000025f0220, 0x00000000025f0330]
Event: 6.205 Thread 0x0000000019dc6000 4003       1       com.mysql.cj.protocol.a.TextRowFactory::canReuseRowPacketForBufferRow (5 bytes)
Event: 6.205 Thread 0x0000000019dc6000 nmethod 4003 0x00000000025efe10 code [0x00000000025eff60, 0x00000000025f0070]

GC Heap History (10 events):
Event: 2.098 GC heap before
{Heap before GC invocations=7 (full 1):
 PSYoungGen      total 139264K, used 5801K [0x00000000d6100000, 0x00000000df100000, 0x0000000100000000)
  eden space 131072K, 0% used [0x00000000d6100000,0x00000000d6100000,0x00000000de100000)
  from space 8192K, 70% used [0x00000000de900000,0x00000000deeaa5c0,0x00000000df100000)
  to   space 8192K, 0% used [0x00000000de100000,0x00000000de100000,0x00000000de900000)
 ParOldGen       total 86016K, used 4044K [0x0000000082200000, 0x0000000087600000, 0x00000000d6100000)
  object space 86016K, 4% used [0x0000000082200000,0x00000000825f3108,0x0000000087600000)
 Metaspace       used 20162K, capacity 21072K, committed 21248K, reserved 1067008K
  class space    used 2744K, capacity 2958K, committed 3072K, reserved 1048576K
Event: 2.125 GC heap after
Heap after GC invocations=7 (full 1):
 PSYoungGen      total 139264K, used 0K [0x00000000d6100000, 0x00000000df100000, 0x0000000100000000)
  eden space 131072K, 0% used [0x00000000d6100000,0x00000000d6100000,0x00000000de100000)
  from space 8192K, 0% used [0x00000000de900000,0x00000000de900000,0x00000000df100000)
  to   space 8192K, 0% used [0x00000000de100000,0x00000000de100000,0x00000000de900000)
 ParOldGen       total 49664K, used 5784K [0x0000000082200000, 0x0000000085280000, 0x00000000d6100000)
  object space 49664K, 11% used [0x0000000082200000,0x00000000827a63d8,0x0000000085280000)
 Metaspace       used 20162K, capacity 21072K, committed 21248K, reserved 1067008K
  class space    used 2744K, capacity 2958K, committed 3072K, reserved 1048576K
}
Event: 2.737 GC heap before
{Heap before GC invocations=8 (full 1):
 PSYoungGen      total 139264K, used 131072K [0x00000000d6100000, 0x00000000df100000, 0x0000000100000000)
  eden space 131072K, 100% used [0x00000000d6100000,0x00000000de100000,0x00000000de100000)
  from space 8192K, 0% used [0x00000000de900000,0x00000000de900000,0x00000000df100000)
  to   space 8192K, 0% used [0x00000000de100000,0x00000000de100000,0x00000000de900000)
 ParOldGen       total 49664K, used 5784K [0x0000000082200000, 0x0000000085280000, 0x00000000d6100000)
  object space 49664K, 11% used [0x0000000082200000,0x00000000827a63d8,0x0000000085280000)
 Metaspace       used 25537K, capacity 26634K, committed 26752K, reserved 1073152K
  class space    used 3386K, capacity 3637K, committed 3712K, reserved 1048576K
Event: 2.745 GC heap after
Heap after GC invocations=8 (full 1):
 PSYoungGen      total 139264K, used 8049K [0x00000000d6100000, 0x00000000e4f00000, 0x0000000100000000)
  eden space 131072K, 0% used [0x00000000d6100000,0x00000000d6100000,0x00000000de100000)
  from space 8192K, 98% used [0x00000000de100000,0x00000000de8dc678,0x00000000de900000)
  to   space 8704K, 0% used [0x00000000e4680000,0x00000000e4680000,0x00000000e4f00000)
 ParOldGen       total 49664K, used 5792K [0x0000000082200000, 0x0000000085280000, 0x00000000d6100000)
  object space 49664K, 11% used [0x0000000082200000,0x00000000827a83d8,0x0000000085280000)
 Metaspace       used 25537K, capacity 26634K, committed 26752K, reserved 1073152K
  class space    used 3386K, capacity 3637K, committed 3712K, reserved 1048576K
}
Event: 3.981 GC heap before
{Heap before GC invocations=9 (full 1):
 PSYoungGen      total 139264K, used 139121K [0x00000000d6100000, 0x00000000e4f00000, 0x0000000100000000)
  eden space 131072K, 100% used [0x00000000d6100000,0x00000000de100000,0x00000000de100000)
  from space 8192K, 98% used [0x00000000de100000,0x00000000de8dc678,0x00000000de900000)
  to   space 8704K, 0% used [0x00000000e4680000,0x00000000e4680000,0x00000000e4f00000)
 ParOldGen       total 49664K, used 5792K [0x0000000082200000, 0x0000000085280000, 0x00000000d6100000)
  object space 49664K, 11% used [0x0000000082200000,0x00000000827a83d8,0x0000000085280000)
 Metaspace       used 31195K, capacity 32764K, committed 32896K, reserved 1077248K
  class space    used 4122K, capacity 4416K, committed 4480K, reserved 1048576K
Event: 3.991 GC heap after
Heap after GC invocations=9 (full 1):
 PSYoungGen      total 229376K, used 8684K [0x00000000d6100000, 0x00000000e4f00000, 0x0000000100000000)
  eden space 220672K, 0% used [0x00000000d6100000,0x00000000d6100000,0x00000000e3880000)
  from space 8704K, 99% used [0x00000000e4680000,0x00000000e4efb3f8,0x00000000e4f00000)
  to   space 10752K, 0% used [0x00000000e3a00000,0x00000000e3a00000,0x00000000e4480000)
 ParOldGen       total 49664K, used 7691K [0x0000000082200000, 0x0000000085280000, 0x00000000d6100000)
  object space 49664K, 15% used [0x0000000082200000,0x0000000082982ef8,0x0000000085280000)
 Metaspace       used 31195K, capacity 32764K, committed 32896K, reserved 1077248K
  class space    used 4122K, capacity 4416K, committed 4480K, reserved 1048576K
}
Event: 4.645 GC heap before
{Heap before GC invocations=10 (full 1):
 PSYoungGen      total 229376K, used 57269K [0x00000000d6100000, 0x00000000e4f00000, 0x0000000100000000)
  eden space 220672K, 22% used [0x00000000d6100000,0x00000000d9072020,0x00000000e3880000)
  from space 8704K, 99% used [0x00000000e4680000,0x00000000e4efb3f8,0x00000000e4f00000)
  to   space 10752K, 0% used [0x00000000e3a00000,0x00000000e3a00000,0x00000000e4480000)
 ParOldGen       total 49664K, used 7691K [0x0000000082200000, 0x0000000085280000, 0x00000000d6100000)
  object space 49664K, 15% used [0x0000000082200000,0x0000000082982ef8,0x0000000085280000)
 Metaspace       used 33282K, capacity 35278K, committed 35416K, reserved 1079296K
  class space    used 4420K, capacity 4771K, committed 4864K, reserved 1048576K
Event: 4.653 GC heap after
Heap after GC invocations=10 (full 1):
 PSYoungGen      total 232960K, used 8624K [0x00000000d6100000, 0x00000000ea180000, 0x0000000100000000)
  eden space 222208K, 0% used [0x00000000d6100000,0x00000000d6100000,0x00000000e3a00000)
  from space 10752K, 80% used [0x00000000e3a00000,0x00000000e426c278,0x00000000e4480000)
  to   space 10752K, 0% used [0x00000000e9700000,0x00000000e9700000,0x00000000ea180000)
 ParOldGen       total 49664K, used 7699K [0x0000000082200000, 0x0000000085280000, 0x00000000d6100000)
  object space 49664K, 15% used [0x0000000082200000,0x0000000082984ef8,0x0000000085280000)
 Metaspace       used 33282K, capacity 35278K, committed 35416K, reserved 1079296K
  class space    used 4420K, capacity 4771K, committed 4864K, reserved 1048576K
}
Event: 4.653 GC heap before
{Heap before GC invocations=11 (full 2):
 PSYoungGen      total 232960K, used 8624K [0x00000000d6100000, 0x00000000ea180000, 0x0000000100000000)
  eden space 222208K, 0% used [0x00000000d6100000,0x00000000d6100000,0x00000000e3a00000)
  from space 10752K, 80% used [0x00000000e3a00000,0x00000000e426c278,0x00000000e4480000)
  to   space 10752K, 0% used [0x00000000e9700000,0x00000000e9700000,0x00000000ea180000)
 ParOldGen       total 49664K, used 7699K [0x0000000082200000, 0x0000000085280000, 0x00000000d6100000)
  object space 49664K, 15% used [0x0000000082200000,0x0000000082984ef8,0x0000000085280000)
 Metaspace       used 33282K, capacity 35278K, committed 35416K, reserved 1079296K
  class space    used 4420K, capacity 4771K, committed 4864K, reserved 1048576K
Event: 4.691 GC heap after
Heap after GC invocations=11 (full 2):
 PSYoungGen      total 232960K, used 0K [0x00000000d6100000, 0x00000000ea180000, 0x0000000100000000)
  eden space 222208K, 0% used [0x00000000d6100000,0x00000000d6100000,0x00000000e3a00000)
  from space 10752K, 0% used [0x00000000e3a00000,0x00000000e3a00000,0x00000000e4480000)
  to   space 10752K, 0% used [0x00000000e9700000,0x00000000e9700000,0x00000000ea180000)
 ParOldGen       total 49664K, used 13676K [0x0000000082200000, 0x0000000085280000, 0x00000000d6100000)
  object space 49664K, 27% used [0x0000000082200000,0x0000000082f5b0b0,0x0000000085280000)
 Metaspace       used 33282K, capacity 35278K, committed 35416K, reserved 1079296K
  class space    used 4420K, capacity 4771K, committed 4864K, reserved 1048576K
}

Deoptimization events (10 events):
Event: 5.877 Thread 0x0000000002282800 Uncommon trap: reason=bimorphic action=maybe_recompile pc=0x0000000002a74070 method=java.util.regex.Matcher.match(II)Z @ 86
Event: 5.895 Thread 0x0000000002282800 Uncommon trap: reason=bimorphic action=maybe_recompile pc=0x0000000002a74070 method=java.util.regex.Matcher.match(II)Z @ 86
Event: 5.895 Thread 0x0000000002282800 Uncommon trap: reason=bimorphic action=maybe_recompile pc=0x0000000002a74070 method=java.util.regex.Matcher.match(II)Z @ 86
Event: 5.895 Thread 0x0000000002282800 Uncommon trap: reason=bimorphic action=maybe_recompile pc=0x0000000002a74070 method=java.util.regex.Matcher.match(II)Z @ 86
Event: 5.896 Thread 0x0000000002282800 Uncommon trap: reason=unstable_if action=reinterpret pc=0x00000000031b0e2c method=java.net.URI.match(CJJ)Z @ 45
Event: 5.904 Thread 0x0000000002282800 Uncommon trap: reason=unstable_if action=reinterpret pc=0x0000000003159ff4 method=java.util.Properties$LineReader.readLine()I @ 328
Event: 6.012 Thread 0x0000000002282800 Uncommon trap: reason=unstable_if action=reinterpret pc=0x0000000003198520 method=java.net.URI.match(CJJ)Z @ 45
Event: 6.055 Thread 0x0000000002282800 Uncommon trap: reason=unstable_if action=reinterpret pc=0x00000000032889c0 method=sun.misc.ASCIICaseInsensitiveComparator.compare(Ljava/lang/String;Ljava/lang/String;)I @ 14
Event: 6.102 Thread 0x0000000002282800 Uncommon trap: reason=unstable_if action=reinterpret pc=0x00000000027fed44 method=sun.nio.cs.UTF_8$Decoder.decode([BII[C)I @ 30
Event: 6.120 Thread 0x0000000002282800 Uncommon trap: reason=unstable_if action=reinterpret pc=0x000000000317330c method=java.lang.ThreadLocal$ThreadLocalMap.getEntry(Ljava/lang/ThreadLocal;)Ljava/lang/ThreadLocal$ThreadLocalMap$Entry; @ 29

Classes redefined (0 events):
No events

Internal exceptions (10 events):
Event: 5.307 Thread 0x0000000002282800 Exception <a 'java/lang/ClassNotFoundException': org/springframework/beans/factory/BeanClassLoaderAwareCustomizer> (0x00000000dcfbb100) thrown at [C:\re\workspace\8-2-build-windows-amd64-cygwin\jdk8u171\10807\hotspot\src\share\vm\classfile\systemDictionar
Event: 5.307 Thread 0x0000000002282800 Exception <a 'java/lang/ClassNotFoundException': org/springframework/beans/factory/AwareCustomizer> (0x00000000dcfdd548) thrown at [C:\re\workspace\8-2-build-windows-amd64-cygwin\jdk8u171\10807\hotspot\src\share\vm\classfile\systemDictionary.cpp, line 210
Event: 5.308 Thread 0x0000000002282800 Exception <a 'java/lang/ClassNotFoundException': org/springframework/beans/factory/BeanFactoryAwareCustomizer> (0x00000000dd003d58) thrown at [C:\re\workspace\8-2-build-windows-amd64-cygwin\jdk8u171\10807\hotspot\src\share\vm\classfile\systemDictionary.cp
Event: 5.308 Thread 0x0000000002282800 Exception <a 'java/lang/ClassNotFoundException': org/springframework/beans/factory/AwareCustomizer> (0x00000000dd026700) thrown at [C:\re\workspace\8-2-build-windows-amd64-cygwin\jdk8u171\10807\hotspot\src\share\vm\classfile\systemDictionary.cpp, line 210
Event: 5.309 Thread 0x0000000002282800 Exception <a 'java/lang/ClassNotFoundException': org/springframework/beans/factory/BeanNameAwareCustomizer> (0x00000000dd04b2a8) thrown at [C:\re\workspace\8-2-build-windows-amd64-cygwin\jdk8u171\10807\hotspot\src\share\vm\classfile\systemDictionary.cpp, 
Event: 5.309 Thread 0x0000000002282800 Exception <a 'java/lang/ClassNotFoundException': org/springframework/beans/factory/AwareCustomizer> (0x00000000dd06d620) thrown at [C:\re\workspace\8-2-build-windows-amd64-cygwin\jdk8u171\10807\hotspot\src\share\vm\classfile\systemDictionary.cpp, line 210
Event: 5.310 Thread 0x0000000002282800 Exception <a 'java/lang/ClassNotFoundException': org/springframework/beans/factory/InitializingBeanCustomizer> (0x00000000dd093e30) thrown at [C:\re\workspace\8-2-build-windows-amd64-cygwin\jdk8u171\10807\hotspot\src\share\vm\classfile\systemDictionary.cp
Event: 5.310 Thread 0x0000000002282800 Exception <a 'java/lang/ClassNotFoundException': org/springframework/beans/factory/DisposableBeanCustomizer> (0x00000000dd0b9230) thrown at [C:\re\workspace\8-2-build-windows-amd64-cygwin\jdk8u171\10807\hotspot\src\share\vm\classfile\systemDictionary.cpp,
Event: 5.311 Thread 0x0000000002282800 Exception <a 'java/lang/ClassNotFoundException': org/springframework/orm/jpa/EntityManagerFactoryInfoCustomizer> (0x00000000dd0e0e70) thrown at [C:\re\workspace\8-2-build-windows-amd64-cygwin\jdk8u171\10807\hotspot\src\share\vm\classfile\systemDictionary.
Event: 5.311 Thread 0x0000000002282800 Exception <a 'java/lang/ClassNotFoundException': org/springframework/dao/support/PersistenceExceptionTranslatorCustomizer> (0x00000000dd119a98) thrown at [C:\re\workspace\8-2-build-windows-amd64-cygwin\jdk8u171\10807\hotspot\src\share\vm\classfile\systemD

Events (10 events):
Event: 6.203 loading class com/mysql/cj/result/ShortValueFactory
Event: 6.203 loading class com/mysql/cj/result/ShortValueFactory done
Event: 6.204 loading class com/mysql/cj/result/AbstractNumericValueFactory
Event: 6.204 loading class com/mysql/cj/result/AbstractNumericValueFactory done
Event: 6.205 loading class com/mysql/cj/result/IntegerValueFactory
Event: 6.205 loading class com/mysql/cj/result/IntegerValueFactory done
Event: 6.206 loading class com/mysql/cj/result/LongValueFactory
Event: 6.206 loading class com/mysql/cj/result/LongValueFactory done
Event: 6.206 loading class com/mysql/cj/result/FloatValueFactory
Event: 6.206 loading class com/mysql/cj/result/FloatValueFactory done


Dynamic libraries:
0x00007ff650180000 - 0x00007ff6501b7000 	C:\Program Files\Java\jdk1.8.0_171\bin\java.exe
0x00007ffe10cc0000 - 0x00007ffe10eb0000 	C:\WINDOWS\SYSTEM32\ntdll.dll
0x00007ffdfa780000 - 0x00007ffdfa793000 	C:\Program Files\AVAST Software\Avast\aswhook.dll
0x00007ffe0f920000 - 0x00007ffe0f9d2000 	C:\WINDOWS\System32\KERNEL32.DLL
0x00007ffe0dd20000 - 0x00007ffe0dfc4000 	C:\WINDOWS\System32\KERNELBASE.dll
0x00007ffe102f0000 - 0x00007ffe10393000 	C:\WINDOWS\System32\ADVAPI32.dll
0x00007ffe10630000 - 0x00007ffe106ce000 	C:\WINDOWS\System32\msvcrt.dll
0x00007ffe0f460000 - 0x00007ffe0f4f7000 	C:\WINDOWS\System32\sechost.dll
0x00007ffe0f510000 - 0x00007ffe0f630000 	C:\WINDOWS\System32\RPCRT4.dll
0x00007ffe0fce0000 - 0x00007ffe0fe74000 	C:\WINDOWS\System32\USER32.dll
0x00007ffe0dcf0000 - 0x00007ffe0dd11000 	C:\WINDOWS\System32\win32u.dll
0x00007ffe0f630000 - 0x00007ffe0f656000 	C:\WINDOWS\System32\GDI32.dll
0x00007ffe0ebd0000 - 0x00007ffe0ed65000 	C:\WINDOWS\System32\gdi32full.dll
0x00007ffe0dc50000 - 0x00007ffe0dcee000 	C:\WINDOWS\System32\msvcp_win.dll
0x00007ffe0dfd0000 - 0x00007ffe0e0ca000 	C:\WINDOWS\System32\ucrtbase.dll
0x00007ffde5990000 - 0x00007ffde5c14000 	C:\WINDOWS\WinSxS\amd64_microsoft.windows.common-controls_6595b64144ccf1df_6.0.18362.900_none_e6beb9d913147d17\COMCTL32.dll
0x00007ffe106e0000 - 0x00007ffe10a15000 	C:\WINDOWS\System32\combase.dll
0x00007ffe0eb50000 - 0x00007ffe0ebd0000 	C:\WINDOWS\System32\bcryptPrimitives.dll
0x00007ffe0fa50000 - 0x00007ffe0fa7e000 	C:\WINDOWS\System32\IMM32.DLL
0x000000005caf0000 - 0x000000005cbc2000 	C:\Program Files\Java\jdk1.8.0_171\jre\bin\msvcr100.dll
0x000000005c250000 - 0x000000005caf0000 	C:\Program Files\Java\jdk1.8.0_171\jre\bin\server\jvm.dll
0x00007ffe0f500000 - 0x00007ffe0f508000 	C:\WINDOWS\System32\PSAPI.DLL
0x00007ffdfb7e0000 - 0x00007ffdfb7e9000 	C:\WINDOWS\SYSTEM32\WSOCK32.dll
0x00007ffe10420000 - 0x00007ffe1048f000 	C:\WINDOWS\System32\WS2_32.dll
0x00007ffe0a500000 - 0x00007ffe0a524000 	C:\WINDOWS\SYSTEM32\WINMM.dll
0x00007ffe083e0000 - 0x00007ffe083ea000 	C:\WINDOWS\SYSTEM32\VERSION.dll
0x00007ffe0a4d0000 - 0x00007ffe0a4fd000 	C:\WINDOWS\SYSTEM32\WINMMBASE.dll
0x00007ffe0e0d0000 - 0x00007ffe0e11a000 	C:\WINDOWS\System32\cfgmgr32.dll
0x000000005c240000 - 0x000000005c24f000 	C:\Program Files\Java\jdk1.8.0_171\jre\bin\verify.dll
0x000000005c210000 - 0x000000005c239000 	C:\Program Files\Java\jdk1.8.0_171\jre\bin\java.dll
0x000000005bd80000 - 0x000000005bda3000 	C:\Program Files\Java\jdk1.8.0_171\jre\bin\instrument.dll
0x000000005c1f0000 - 0x000000005c206000 	C:\Program Files\Java\jdk1.8.0_171\jre\bin\zip.dll
0x00007ffe0ed70000 - 0x00007ffe0f456000 	C:\WINDOWS\System32\SHELL32.dll
0x00007ffe0f660000 - 0x00007ffe0f709000 	C:\WINDOWS\System32\shcore.dll
0x00007ffe0e120000 - 0x00007ffe0e8a0000 	C:\WINDOWS\System32\windows.storage.dll
0x00007ffe0dc20000 - 0x00007ffe0dc43000 	C:\WINDOWS\System32\profapi.dll
0x00007ffe0db90000 - 0x00007ffe0dbda000 	C:\WINDOWS\System32\powrprof.dll
0x00007ffe0db80000 - 0x00007ffe0db90000 	C:\WINDOWS\System32\UMPDC.dll
0x00007ffe10c20000 - 0x00007ffe10c72000 	C:\WINDOWS\System32\shlwapi.dll
0x00007ffe0dc00000 - 0x00007ffe0dc11000 	C:\WINDOWS\System32\kernel.appcore.dll
0x00007ffe0eb30000 - 0x00007ffe0eb47000 	C:\WINDOWS\System32\cryptsp.dll
0x00007ffe04730000 - 0x00007ffe0474a000 	C:\Users\EQUIPO\AppData\Local\JetBrains\Toolbox\apps\IDEA-U\ch-0\201.6668.121\bin\breakgen64.dll
0x000000005c1a0000 - 0x000000005c1ba000 	C:\Program Files\Java\jdk1.8.0_171\jre\bin\net.dll
0x00007ffe0d390000 - 0x00007ffe0d3f7000 	C:\WINDOWS\system32\mswsock.dll
0x000000005c180000 - 0x000000005c191000 	C:\Program Files\Java\jdk1.8.0_171\jre\bin\nio.dll
0x000000005c1e0000 - 0x000000005c1ed000 	C:\Program Files\Java\jdk1.8.0_171\jre\bin\management.dll
0x00007ffde4900000 - 0x00007ffde4916000 	C:\WINDOWS\system32\napinsp.dll
0x00007ffde3de0000 - 0x00007ffde3dfa000 	C:\WINDOWS\system32\pnrpnsp.dll
0x00007ffe0d0e0000 - 0x00007ffe0d1ab000 	C:\WINDOWS\SYSTEM32\DNSAPI.dll
0x00007ffe106d0000 - 0x00007ffe106d8000 	C:\WINDOWS\System32\NSI.dll
0x00007ffe0d0a0000 - 0x00007ffe0d0da000 	C:\WINDOWS\SYSTEM32\IPHLPAPI.DLL
0x00007ffde1f80000 - 0x00007ffde1f8e000 	C:\WINDOWS\System32\winrnr.dll
0x00007ffe0a100000 - 0x00007ffe0a11c000 	C:\WINDOWS\system32\NLAapi.dll
0x00007ffde1f00000 - 0x00007ffde1f15000 	C:\WINDOWS\system32\wshbth.dll
0x00007ffdfd2c0000 - 0x00007ffdfd2ca000 	C:\Windows\System32\rasadhlp.dll
0x00007ffe04910000 - 0x00007ffe04987000 	C:\WINDOWS\System32\fwpuclnt.dll
0x00007ffe0e8a0000 - 0x00007ffe0e8c6000 	C:\WINDOWS\System32\bcrypt.dll
0x00007ffe0cf00000 - 0x00007ffe0cf33000 	C:\WINDOWS\system32\rsaenh.dll
0x00007ffe0da70000 - 0x00007ffe0da95000 	C:\WINDOWS\SYSTEM32\USERENV.dll
0x00007ffe0d560000 - 0x00007ffe0d56c000 	C:\WINDOWS\SYSTEM32\CRYPTBASE.dll
0x00007ffe05320000 - 0x00007ffe05336000 	C:\WINDOWS\SYSTEM32\dhcpcsvc6.DLL
0x00007ffe05cc0000 - 0x00007ffe05cdc000 	C:\WINDOWS\SYSTEM32\dhcpcsvc.DLL

VM Arguments:
jvm_args: -Dorg.jetbrains.run.directory=F:\PruebasOpen\Nueva carpeta\PetCare-Backend-OS\src\test\resources\features -javaagent:C:\Users\EQUIPO\AppData\Local\JetBrains\Toolbox\apps\IDEA-U\ch-0\201.6668.121\lib\idea_rt.jar=7551:C:\Users\EQUIPO\AppData\Local\JetBrains\Toolbox\apps\IDEA-U\ch-0\201.6668.121\bin -Dfile.encoding=UTF-8 
java_command: io.cucumber.core.cli.Main --plugin org.jetbrains.plugins.cucumber.java.run.CucumberJvm5SMFormatter --glue com.pe.edu.upc.petcare.cucumber --glue cucumber.api.spring F:/PruebasOpen/Nueva carpeta/PetCare-Backend-OS/src/test/resources/features/person_profile.feature
java_class_path (initial): C:\Program Files\Java\jdk1.8.0_171\jre\lib\charsets.jar;C:\Program Files\Java\jdk1.8.0_171\jre\lib\deploy.jar;C:\Program Files\Java\jdk1.8.0_171\jre\lib\ext\access-bridge-64.jar;C:\Program Files\Java\jdk1.8.0_171\jre\lib\ext\cldrdata.jar;C:\Program Files\Java\jdk1.8.0_171\jre\lib\ext\dnsns.jar;C:\Program Files\Java\jdk1.8.0_171\jre\lib\ext\jaccess.jar;C:\Program Files\Java\jdk1.8.0_171\jre\lib\ext\jfxrt.jar;C:\Program Files\Java\jdk1.8.0_171\jre\lib\ext\localedata.jar;C:\Program Files\Java\jdk1.8.0_171\jre\lib\ext\nashorn.jar;C:\Program Files\Java\jdk1.8.0_171\jre\lib\ext\sunec.jar;C:\Program Files\Java\jdk1.8.0_171\jre\lib\ext\sunjce_provider.jar;C:\Program Files\Java\jdk1.8.0_171\jre\lib\ext\sunmscapi.jar;C:\Program Files\Java\jdk1.8.0_171\jre\lib\ext\sunpkcs11.jar;C:\Program Files\Java\jdk1.8.0_171\jre\lib\ext\zipfs.jar;C:\Program Files\Java\jdk1.8.0_171\jre\lib\javaws.jar;C:\Program Files\Java\jdk1.8.0_171\jre\lib\jce.jar;C:\Program Files\Java\jdk1.8.0_171\jre\lib\jfr.jar;C:\Program Files\Java\jdk1.8.0_171\jre\lib\jfxswt.jar;C:\Program Files\Java\jdk1.8.0_171\jre\lib\jsse.jar;C:\Program Files\Java\jdk1.8.0_171\jre\lib\management-agent.jar;C:\Program Files\Java\jdk1.8.0_171\jre\lib\plugin.jar;C:\Program Files\Java\jdk1.8.0_171\jre\lib\resources.jar;C:\Program Files\Java\jdk1.8.0_171\jre\lib\rt.jar;F:\PruebasOpen\Nueva carpeta\PetCare-Backend-OS\target\test-classes;F:\PruebasOpen\Nueva carpeta\PetCare-Backend-OS\target\classes;C:\Users\EQUIPO\.m2\repository\org\postgresql\postgresql\42.2.12\postgresql-42.2.12.jar;C:\Users\EQUIPO\.m2\repository\org\projectlombok\lombok\1.18.12\lombok-1.18.12.jar;C:\Users\EQUIPO\.m2\repository\org\springdoc\springdoc-openapi-ui\1.3.7\springdoc-openapi-ui-1.3.7.jar;C:\Users\EQUIPO\.m2\repository\org\springdoc\springdoc-openapi-webmvc-core\1.3.7\springdoc-openapi-webmvc-core-1.3.7.jar;C:\Users\EQUIPO\.m2\repository\org\springdoc\springdoc-openapi-common\1.3.7\springdoc-openapi-common-1.3.7.jar;C:\Users\EQU
Launcher Type: SUN_STANDARD

Environment Variables:
USERNAME=EQUIPO
OS=Windows_NT
PROCESSOR_IDENTIFIER=Intel64 Family 6 Model 158 Stepping 9, GenuineIntel



---------------  S Y S T E M  ---------------

OS: Windows 10.0 , 64 bit Build 18362 (10.0.18362.900)

CPU:total 8 (initial active 8) (4 cores per cpu, 2 threads per core) family 6 model 158 stepping 9, cmov, cx8, fxsr, mmx, sse, sse2, sse3, ssse3, sse4.1, sse4.2, popcnt, avx, avx2, aes, clmul, erms, rtm, 3dnowpref, lzcnt, ht, tsc, tscinvbit, bmi1, bmi2, adx

Memory: 4k page, physical 8242332k(931060k free), swap 12432540k(5124k free)

vm_info: Java HotSpot(TM) 64-Bit Server VM (25.171-b11) for windows-amd64 JRE (1.8.0_171-b11), built on Mar 28 2018 16:06:12 by "java_re" with MS VC++ 10.0 (VS2010)

time: Sat Jun 20 09:58:15 2020
elapsed time: 6 seconds (0d 0h 0m 6s)

