#
# There is insufficient memory for the Java Runtime Environment to continue.
# Native memory allocation (malloc) failed to allocate 1833568 bytes for Chunk::new
# Possible reasons:
#   The system is out of physical RAM or swap space
#   In 32 bit mode, the process size limit was hit
# Possible solutions:
#   Reduce memory load on the system
#   Increase physical memory or swap space
#   Check if swap backing store is full
#   Use 64 bit Java on a 64 bit OS
#   Decrease Java heap size (-Xmx/-Xms)
#   Decrease number of Java threads
#   Decrease Java thread stack sizes (-Xss)
#   Set larger code cache with -XX:ReservedCodeCacheSize=
# This output file may be truncated or incomplete.
#
#  Out of Memory Error (allocation.cpp:390), pid=1324, tid=0x0000000000001154
#
# JRE version: Java(TM) SE Runtime Environment (8.0_171-b11) (build 1.8.0_171-b11)
# Java VM: Java HotSpot(TM) 64-Bit Server VM (25.171-b11 mixed mode windows-amd64 compressed oops)
# Failed to write core dump. Minidumps are not enabled by default on client versions of Windows
#

---------------  T H R E A D  ---------------

Current thread (0x0000000019fcf000):  JavaThread "C2 CompilerThread0" daemon [_thread_in_native, id=4436, stack(0x000000001a640000,0x000000001a740000)]

Stack: [0x000000001a640000,0x000000001a740000]
[error occurred during error reporting (printing stack bounds), id 0xc0000005]

Native frames: (J=compiled Java code, j=interpreted, Vv=VM code, C=native code)


Current CompileTask:
C2:  16584 7274       4       org.springframework.transaction.interceptor.TransactionAttributeSourcePointcut::matches (26 bytes)


---------------  P R O C E S S  ---------------

Java Threads: ( => current thread )
  0x0000000026661000 JavaThread "HikariPool-1 connection closer" daemon [_thread_in_native, id=1244, stack(0x0000000027410000,0x0000000027510000)]
  0x0000000026661800 JavaThread "SpringContextShutdownHook" [_thread_blocked, id=10696, stack(0x0000000027610000,0x0000000027710000)]
  0x0000000026662800 JavaThread "Keep-Alive-Timer" daemon [_thread_blocked, id=1404, stack(0x0000000025010000,0x0000000025110000)]
  0x0000000026657000 JavaThread "http-nio-8081-Acceptor" daemon [_thread_in_native, id=18656, stack(0x0000000026da0000,0x0000000026ea0000)]
  0x000000002665e000 JavaThread "http-nio-8081-ClientPoller" daemon [_thread_in_native, id=10200, stack(0x0000000026ca0000,0x0000000026da0000)]
  0x0000000026658000 JavaThread "http-nio-8081-exec-10" daemon [_thread_blocked, id=17104, stack(0x0000000026ba0000,0x0000000026ca0000)]
  0x000000002665c800 JavaThread "http-nio-8081-exec-9" daemon [_thread_blocked, id=1948, stack(0x0000000026aa0000,0x0000000026ba0000)]
  0x0000000026658800 JavaThread "http-nio-8081-exec-8" daemon [_thread_blocked, id=21456, stack(0x00000000269a0000,0x0000000026aa0000)]
  0x000000002665a000 JavaThread "http-nio-8081-exec-7" daemon [_thread_blocked, id=16520, stack(0x00000000268a0000,0x00000000269a0000)]
  0x000000002665d000 JavaThread "http-nio-8081-exec-6" daemon [_thread_blocked, id=7772, stack(0x00000000267a0000,0x00000000268a0000)]
  0x000000002665b000 JavaThread "http-nio-8081-exec-5" daemon [_thread_blocked, id=2772, stack(0x00000000256b0000,0x00000000257b0000)]
  0x0000000026656800 JavaThread "http-nio-8081-exec-4" daemon [_thread_blocked, id=2388, stack(0x00000000255b0000,0x00000000256b0000)]
  0x000000002665b800 JavaThread "http-nio-8081-exec-3" daemon [_thread_blocked, id=11844, stack(0x0000000024d10000,0x0000000024e10000)]
  0x0000000026655800 JavaThread "http-nio-8081-exec-2" daemon [_thread_blocked, id=7540, stack(0x0000000023160000,0x0000000023260000)]
  0x0000000026659800 JavaThread "http-nio-8081-exec-1" daemon [_thread_blocked, id=15288, stack(0x0000000022ef0000,0x0000000022ff0000)]
  0x000000001d047000 JavaThread "http-nio-8081-BlockPoller" daemon [_thread_in_native, id=1444, stack(0x0000000021610000,0x0000000021710000)]
  0x000000001d043800 JavaThread "mysql-cj-abandoned-connection-cleanup" daemon [_thread_blocked, id=9444, stack(0x0000000020f10000,0x0000000021010000)]
  0x000000001d040800 JavaThread "container-0" [_thread_blocked, id=16012, stack(0x000000001f2d0000,0x000000001f3d0000)]
  0x000000001d045000 JavaThread "Catalina-utility-2" [_thread_blocked, id=15308, stack(0x000000001d480000,0x000000001d580000)]
  0x000000001d042000 JavaThread "Catalina-utility-1" [_thread_blocked, id=19980, stack(0x000000001bf80000,0x000000001c080000)]
  0x000000001a08f800 JavaThread "Service Thread" daemon [_thread_blocked, id=15708, stack(0x000000001aa40000,0x000000001ab40000)]
  0x0000000019fde800 JavaThread "C1 CompilerThread3" daemon [_thread_blocked, id=12464, stack(0x000000001a940000,0x000000001aa40000)]
  0x0000000019fd4800 JavaThread "C2 CompilerThread2" daemon [_thread_in_native, id=9428, stack(0x000000001a840000,0x000000001a940000)]
  0x0000000019fd1800 JavaThread "C2 CompilerThread1" daemon [_thread_in_native, id=21408, stack(0x000000001a740000,0x000000001a840000)]
=>0x0000000019fcf000 JavaThread "C2 CompilerThread0" daemon [_thread_in_native, id=4436, stack(0x000000001a640000,0x000000001a740000)]
  0x0000000019f67800 JavaThread "Monitor Ctrl-Break" daemon [_thread_in_native, id=16296, stack(0x000000001a540000,0x000000001a640000)]
  0x0000000019554000 JavaThread "Attach Listener" daemon [_thread_blocked, id=12348, stack(0x0000000019c40000,0x0000000019d40000)]
  0x0000000019553000 JavaThread "Signal Dispatcher" daemon [_thread_blocked, id=1400, stack(0x0000000019b40000,0x0000000019c40000)]
  0x0000000017667800 JavaThread "Finalizer" daemon [_thread_blocked, id=11080, stack(0x0000000019920000,0x0000000019a20000)]
  0x0000000017660800 JavaThread "Reference Handler" daemon [_thread_blocked, id=128, stack(0x0000000019420000,0x0000000019520000)]
  0x0000000002472800 JavaThread "main" [_thread_blocked, id=9232, stack(0x0000000002350000,0x0000000002450000)]

Other Threads:
  0x0000000017658000 VMThread [stack: 0x0000000019320000,0x0000000019420000] [id=6736]
  0x000000001a0fd000 WatcherThread [stack: 0x000000001acb0000,0x000000001adb0000] [id=18360]

VM state:not at safepoint (normal execution)

VM Mutex/Monitor currently owned by a thread: None

Heap:
 PSYoungGen      total 420352K, used 74209K [0x00000000d6100000, 0x00000000f1800000, 0x0000000100000000)
  eden space 397824K, 17% used [0x00000000d6100000,0x00000000da4f58b0,0x00000000ee580000)
  from space 22528K, 20% used [0x00000000ee580000,0x00000000eea02d60,0x00000000efb80000)
  to   space 14848K, 0% used [0x00000000efb80000,0x00000000efb80000,0x00000000f0a00000)
 ParOldGen       total 105984K, used 54437K [0x0000000082200000, 0x0000000088980000, 0x00000000d6100000)
  object space 105984K, 51% used [0x0000000082200000,0x00000000857297e0,0x0000000088980000)
 Metaspace       used 68008K, capacity 71871K, committed 72064K, reserved 1112064K
  class space    used 9144K, capacity 9766K, committed 9856K, reserved 1048576K

Card table byte_map: [0x0000000011b00000,0x0000000011ef0000] byte_map_base: 0x00000000116ef000

Marking Bits: (ParMarkBitMap*) 0x000000005ca708c0
 Begin Bits: [0x0000000012990000, 0x0000000014908000)
 End Bits:   [0x0000000014908000, 0x0000000016880000)

Polling page: 0x00000000009c0000

CodeCache: size=245760Kb used=20603Kb max_used=20934Kb free=225156Kb
 bounds [0x0000000002740000, 0x0000000003bd0000, 0x0000000011740000]
 total_blobs=7131 nmethods=6560 adapters=482
 compilation: enabled

Compilation events (10 events):
Event: 16.565 Thread 0x0000000019fde800 7681       2       org.springframework.beans.factory.support.DefaultListableBeanFactory$$Lambda$216/1234586997::<init> (10 bytes)
Event: 16.565 Thread 0x0000000019fde800 nmethod 7681 0x000000000354c2d0 code [0x000000000354c420, 0x000000000354c590]
Event: 16.565 Thread 0x0000000019fde800 7685   !   2       org.springframework.beans.factory.support.DefaultSingletonBeanRegistry::destroyBean (385 bytes)
Event: 16.567 Thread 0x0000000019fde800 nmethod 7685 0x0000000003549d50 code [0x000000000354a0e0, 0x000000000354b378]
Event: 16.568 Thread 0x0000000019fde800 7690       2       org.jboss.logging.DelegatingBasicLogger::debugf (18 bytes)
Event: 16.568 Thread 0x0000000019fde800 nmethod 7690 0x00000000035495d0 code [0x0000000003549760, 0x0000000003549af8]
Event: 16.569 Thread 0x0000000019fde800 7691       2       org.jboss.logging.Logger::logf (32 bytes)
Event: 16.569 Thread 0x0000000019fde800 nmethod 7691 0x00000000028cef90 code [0x00000000028cf120, 0x00000000028cf498]
Event: 16.570 Thread 0x0000000019fde800 7692       1       org.hibernate.service.spi.ServiceBinding::getLifecycleOwner (5 bytes)
Event: 16.571 Thread 0x0000000019fde800 nmethod 7692 0x0000000002945610 code [0x0000000002945760, 0x0000000002945870]

GC Heap History (10 events):
Event: 6.220 GC heap before
{Heap before GC invocations=12 (full 2):
 PSYoungGen      total 236544K, used 225792K [0x00000000d6100000, 0x00000000eaa80000, 0x0000000100000000)
  eden space 225792K, 100% used [0x00000000d6100000,0x00000000e3d80000,0x00000000e3d80000)
  from space 10752K, 0% used [0x00000000e3d80000,0x00000000e3d80000,0x00000000e4800000)
  to   space 10752K, 0% used [0x00000000ea000000,0x00000000ea000000,0x00000000eaa80000)
 ParOldGen       total 70656K, used 13700K [0x0000000082200000, 0x0000000086700000, 0x00000000d6100000)
  object space 70656K, 19% used [0x0000000082200000,0x0000000082f61018,0x0000000086700000)
 Metaspace       used 45369K, capacity 47586K, committed 47744K, reserved 1091584K
  class space    used 6078K, capacity 6471K, committed 6528K, reserved 1048576K
Event: 6.232 GC heap after
Heap after GC invocations=12 (full 2):
 PSYoungGen      total 317440K, used 10721K [0x00000000d6100000, 0x00000000eaa80000, 0x0000000100000000)
  eden space 306688K, 0% used [0x00000000d6100000,0x00000000d6100000,0x00000000e8c80000)
  from space 10752K, 99% used [0x00000000ea000000,0x00000000eaa78778,0x00000000eaa80000)
  to   space 13312K, 0% used [0x00000000e9080000,0x00000000e9080000,0x00000000e9d80000)
 ParOldGen       total 70656K, used 17886K [0x0000000082200000, 0x0000000086700000, 0x00000000d6100000)
  object space 70656K, 25% used [0x0000000082200000,0x00000000833778b0,0x0000000086700000)
 Metaspace       used 45369K, capacity 47586K, committed 47744K, reserved 1091584K
  class space    used 6078K, capacity 6471K, committed 6528K, reserved 1048576K
}
Event: 12.304 GC heap before
{Heap before GC invocations=13 (full 2):
 PSYoungGen      total 317440K, used 193134K [0x00000000d6100000, 0x00000000eaa80000, 0x0000000100000000)
  eden space 306688K, 59% used [0x00000000d6100000,0x00000000e13231d0,0x00000000e8c80000)
  from space 10752K, 99% used [0x00000000ea000000,0x00000000eaa78778,0x00000000eaa80000)
  to   space 13312K, 0% used [0x00000000e9080000,0x00000000e9080000,0x00000000e9d80000)
 ParOldGen       total 70656K, used 17886K [0x0000000082200000, 0x0000000086700000, 0x00000000d6100000)
  object space 70656K, 25% used [0x0000000082200000,0x00000000833778b0,0x0000000086700000)
 Metaspace       used 55998K, capacity 58973K, committed 59028K, reserved 1099776K
  class space    used 7651K, capacity 8137K, committed 8192K, reserved 1048576K
Event: 12.320 GC heap after
Heap after GC invocations=13 (full 2):
 PSYoungGen      total 324096K, used 12087K [0x00000000d6100000, 0x00000000f0a00000, 0x0000000100000000)
  eden space 310784K, 0% used [0x00000000d6100000,0x00000000d6100000,0x00000000e9080000)
  from space 13312K, 90% used [0x00000000e9080000,0x00000000e9c4ded8,0x00000000e9d80000)
  to   space 14848K, 0% used [0x00000000efb80000,0x00000000efb80000,0x00000000f0a00000)
 ParOldGen       total 70656K, used 23672K [0x0000000082200000, 0x0000000086700000, 0x00000000d6100000)
  object space 70656K, 33% used [0x0000000082200000,0x000000008391e130,0x0000000086700000)
 Metaspace       used 55998K, capacity 58973K, committed 59028K, reserved 1099776K
  class space    used 7651K, capacity 8137K, committed 8192K, reserved 1048576K
}
Event: 12.320 GC heap before
{Heap before GC invocations=14 (full 3):
 PSYoungGen      total 324096K, used 12087K [0x00000000d6100000, 0x00000000f0a00000, 0x0000000100000000)
  eden space 310784K, 0% used [0x00000000d6100000,0x00000000d6100000,0x00000000e9080000)
  from space 13312K, 90% used [0x00000000e9080000,0x00000000e9c4ded8,0x00000000e9d80000)
  to   space 14848K, 0% used [0x00000000efb80000,0x00000000efb80000,0x00000000f0a00000)
 ParOldGen       total 70656K, used 23672K [0x0000000082200000, 0x0000000086700000, 0x00000000d6100000)
  object space 70656K, 33% used [0x0000000082200000,0x000000008391e130,0x0000000086700000)
 Metaspace       used 55998K, capacity 58973K, committed 59028K, reserved 1099776K
  class space    used 7651K, capacity 8137K, committed 8192K, reserved 1048576K
Event: 12.501 GC heap after
Heap after GC invocations=14 (full 3):
 PSYoungGen      total 324096K, used 0K [0x00000000d6100000, 0x00000000f0a00000, 0x0000000100000000)
  eden space 310784K, 0% used [0x00000000d6100000,0x00000000d6100000,0x00000000e9080000)
  from space 13312K, 0% used [0x00000000e9080000,0x00000000e9080000,0x00000000e9d80000)
  to   space 14848K, 0% used [0x00000000efb80000,0x00000000efb80000,0x00000000f0a00000)
 ParOldGen       total 105984K, used 29234K [0x0000000082200000, 0x0000000088980000, 0x00000000d6100000)
  object space 105984K, 27% used [0x0000000082200000,0x0000000083e8ca18,0x0000000088980000)
 Metaspace       used 55998K, capacity 58973K, committed 59028K, reserved 1099776K
  class space    used 7651K, capacity 8137K, committed 8192K, reserved 1048576K
}
Event: 14.486 GC heap before
{Heap before GC invocations=15 (full 3):
 PSYoungGen      total 324096K, used 310784K [0x00000000d6100000, 0x00000000f0a00000, 0x0000000100000000)
  eden space 310784K, 100% used [0x00000000d6100000,0x00000000e9080000,0x00000000e9080000)
  from space 13312K, 0% used [0x00000000e9080000,0x00000000e9080000,0x00000000e9d80000)
  to   space 14848K, 0% used [0x00000000efb80000,0x00000000efb80000,0x00000000f0a00000)
 ParOldGen       total 105984K, used 29234K [0x0000000082200000, 0x0000000088980000, 0x00000000d6100000)
  object space 105984K, 27% used [0x0000000082200000,0x0000000083e8ca18,0x0000000088980000)
 Metaspace       used 61354K, capacity 64761K, committed 65024K, reserved 1105920K
  class space    used 8307K, capacity 8865K, committed 8960K, reserved 1048576K
Event: 14.528 GC heap after
Heap after GC invocations=15 (full 3):
 PSYoungGen      total 412672K, used 14820K [0x00000000d6100000, 0x00000000f1800000, 0x0000000100000000)
  eden space 397824K, 0% used [0x00000000d6100000,0x00000000d6100000,0x00000000ee580000)
  from space 14848K, 99% used [0x00000000efb80000,0x00000000f09f90e8,0x00000000f0a00000)
  to   space 22528K, 0% used [0x00000000ee580000,0x00000000ee580000,0x00000000efb80000)
 ParOldGen       total 105984K, used 45623K [0x0000000082200000, 0x0000000088980000, 0x00000000d6100000)
  object space 105984K, 43% used [0x0000000082200000,0x0000000084e8de80,0x0000000088980000)
 Metaspace       used 61354K, capacity 64761K, committed 65024K, reserved 1105920K
  class space    used 8307K, capacity 8865K, committed 8960K, reserved 1048576K
}
Event: 15.847 GC heap before
{Heap before GC invocations=16 (full 3):
 PSYoungGen      total 412672K, used 412644K [0x00000000d6100000, 0x00000000f1800000, 0x0000000100000000)
  eden space 397824K, 100% used [0x00000000d6100000,0x00000000ee580000,0x00000000ee580000)
  from space 14848K, 99% used [0x00000000efb80000,0x00000000f09f90e8,0x00000000f0a00000)
  to   space 22528K, 0% used [0x00000000ee580000,0x00000000ee580000,0x00000000efb80000)
 ParOldGen       total 105984K, used 45623K [0x0000000082200000, 0x0000000088980000, 0x00000000d6100000)
  object space 105984K, 43% used [0x0000000082200000,0x0000000084e8de80,0x0000000088980000)
 Metaspace       used 65111K, capacity 68787K, committed 69120K, reserved 1110016K
  class space    used 8786K, capacity 9388K, committed 9472K, reserved 1048576K
Event: 15.859 GC heap after
Heap after GC invocations=16 (full 3):
 PSYoungGen      total 420352K, used 4619K [0x00000000d6100000, 0x00000000f1800000, 0x0000000100000000)
  eden space 397824K, 0% used [0x00000000d6100000,0x00000000d6100000,0x00000000ee580000)
  from space 22528K, 20% used [0x00000000ee580000,0x00000000eea02d60,0x00000000efb80000)
  to   space 14848K, 0% used [0x00000000efb80000,0x00000000efb80000,0x00000000f0a00000)
 ParOldGen       total 105984K, used 54437K [0x0000000082200000, 0x0000000088980000, 0x00000000d6100000)
  object space 105984K, 51% used [0x0000000082200000,0x00000000857297e0,0x0000000088980000)
 Metaspace       used 65111K, capacity 68787K, committed 69120K, reserved 1110016K
  class space    used 8786K, capacity 9388K, committed 9472K, reserved 1048576K
}

Deoptimization events (10 events):
Event: 16.214 Thread 0x000000002665b800 Uncommon trap: reason=class_check action=maybe_recompile pc=0x00000000036fba60 method=java.util.AbstractList.rangeCheckForAdd(I)V @ 6
Event: 16.246 Thread 0x0000000002472800 Uncommon trap: reason=bimorphic action=maybe_recompile pc=0x00000000030c1a40 method=java.net.URL.<init>(Ljava/net/URL;Ljava/lang/String;Ljava/net/URLStreamHandler;)V @ 504
Event: 16.255 Thread 0x0000000026656800 Uncommon trap: reason=bimorphic action=maybe_recompile pc=0x0000000002b9e6dc method=java.util.Collections$UnmodifiableCollection.contains(Ljava/lang/Object;)Z @ 5
Event: 16.255 Thread 0x0000000026656800 Uncommon trap: reason=bimorphic action=maybe_recompile pc=0x0000000002b9e6dc method=java.util.Collections$UnmodifiableCollection.contains(Ljava/lang/Object;)Z @ 5
Event: 16.283 Thread 0x0000000026656800 Uncommon trap: reason=class_check action=maybe_recompile pc=0x00000000036fba60 method=java.util.AbstractList.rangeCheckForAdd(I)V @ 6
Event: 16.288 Thread 0x0000000002472800 Uncommon trap: reason=bimorphic action=maybe_recompile pc=0x00000000030c1a40 method=java.net.URL.<init>(Ljava/net/URL;Ljava/lang/String;Ljava/net/URLStreamHandler;)V @ 504
Event: 16.295 Thread 0x000000002665a000 Uncommon trap: reason=unstable_if action=reinterpret pc=0x00000000033b5040 method=java.nio.Buffer.limit(I)Ljava/nio/Buffer; @ 33
Event: 16.365 Thread 0x000000002665a000 Uncommon trap: reason=unstable_if action=reinterpret pc=0x000000000384d3d8 method=java.lang.Character.isHighSurrogate(C)Z @ 3
Event: 16.406 Thread 0x0000000002472800 Uncommon trap: reason=bimorphic action=maybe_recompile pc=0x00000000030c1a40 method=java.net.URL.<init>(Ljava/net/URL;Ljava/lang/String;Ljava/net/URLStreamHandler;)V @ 504
Event: 16.582 Thread 0x0000000026661000 Uncommon trap: reason=unstable_if action=reinterpret pc=0x0000000003b5418c method=java.util.Properties$LineReader.readLine()I @ 174

Classes redefined (0 events):
No events

Internal exceptions (10 events):
Event: 16.315 Thread 0x000000002665a000 Exception <a 'java/lang/NoSuchMethodError': java.lang.Object.lambda$mapIfAllPresent$6(Ljava/util/Optional;Ljava/util/function/BiFunction;Ljava/lang/Object;)Ljava/util/Optional;> (0x00000000d8a9b6c8) thrown at [C:\re\workspace\8-2-build-windows-amd64-cygwi
Event: 16.315 Thread 0x000000002665a000 Exception <a 'java/lang/NoSuchMethodError': java.lang.Object.lambda$null$5(Ljava/util/function/BiFunction;Ljava/lang/Object;Ljava/lang/Object;)Ljava/lang/Object;> (0x00000000d8aa0170) thrown at [C:\re\workspace\8-2-build-windows-amd64-cygwin\jdk8u171\1080
Event: 16.345 Thread 0x000000002665a000 Exception <a 'java/lang/ClassNotFoundException': java/lang/ObjectCustomizer> (0x00000000d8c71938) thrown at [C:\re\workspace\8-2-build-windows-amd64-cygwin\jdk8u171\10807\hotspot\src\share\vm\classfile\systemDictionary.cpp, line 210]
Event: 16.347 Thread 0x000000002665a000 Exception <a 'java/lang/ClassNotFoundException': com/pe/edu/upc/petcare/model/AccountCustomizer> (0x00000000d8c987b8) thrown at [C:\re\workspace\8-2-build-windows-amd64-cygwin\jdk8u171\10807\hotspot\src\share\vm\classfile\systemDictionary.cpp, line 210]
Event: 16.359 Thread 0x000000002665a000 Exception <a 'java/lang/ClassNotFoundException': java/lang/ObjectCustomizer> (0x00000000d8cc4a90) thrown at [C:\re\workspace\8-2-build-windows-amd64-cygwin\jdk8u171\10807\hotspot\src\share\vm\classfile\systemDictionary.cpp, line 210]
Event: 16.362 Thread 0x000000002665a000 Exception <a 'java/lang/ClassNotFoundException': com/pe/edu/upc/petcare/model/ProfileCustomizer> (0x00000000d8ceb910) thrown at [C:\re\workspace\8-2-build-windows-amd64-cygwin\jdk8u171\10807\hotspot\src\share\vm\classfile\systemDictionary.cpp, line 210]
Event: 16.363 Thread 0x000000002665a000 Exception <a 'java/lang/ClassNotFoundException': com/pe/edu/upc/petcare/model/PersonProfileCustomizer> (0x00000000d8d13088) thrown at [C:\re\workspace\8-2-build-windows-amd64-cygwin\jdk8u171\10807\hotspot\src\share\vm\classfile\systemDictionary.cpp, line 
Event: 16.432 Thread 0x0000000026658800 Exception <a 'java/io/IOException'> (0x00000000d90c8ac0) thrown at [C:\re\workspace\8-2-build-windows-amd64-cygwin\jdk8u171\10807\hotspot\src\share\vm\prims\jni.cpp, line 709]
Event: 16.485 Thread 0x0000000002472800 Exception <a 'java/net/SocketTimeoutException': Read timed out> (0x00000000d8418bb8) thrown at [C:\re\workspace\8-2-build-windows-amd64-cygwin\jdk8u171\10807\hotspot\src\share\vm\prims\jni.cpp, line 735]
Event: 16.507 Thread 0x0000000002472800 Exception <a 'java/net/SocketTimeoutException': Read timed out> (0x00000000d845a2c0) thrown at [C:\re\workspace\8-2-build-windows-amd64-cygwin\jdk8u171\10807\hotspot\src\share\vm\prims\jni.cpp, line 735]

Events (10 events):
Event: 16.579 loading class java/nio/channels/AsynchronousSocketChannel done
Event: 16.579 loading class com/mysql/cj/protocol/TlsAsynchronousSocketChannel
Event: 16.579 loading class com/mysql/cj/protocol/TlsAsynchronousSocketChannel done
Event: 16.582 Executing VM operation: RevokeBias
Event: 16.582 Executing VM operation: RevokeBias done
Event: 16.582 Executing VM operation: RevokeBias
Event: 16.582 Executing VM operation: RevokeBias done
Event: 16.582 Thread 0x0000000026661000 Uncommon trap: trap_request=0xffffff65 fr.pc=0x0000000003b5418c
Event: 16.582 Thread 0x0000000026661000 DEOPT PACKING pc=0x0000000003b5418c sp=0x000000002750de80
Event: 16.582 Thread 0x0000000026661000 DEOPT UNPACKING pc=0x000000000278583b sp=0x000000002750de58 mode 2


Dynamic libraries:
0x00007ff650180000 - 0x00007ff6501b7000 	C:\Program Files\Java\jdk1.8.0_171\bin\java.exe
0x00007ffe10cc0000 - 0x00007ffe10eb0000 	C:\WINDOWS\SYSTEM32\ntdll.dll
0x00007ffdfa780000 - 0x00007ffdfa793000 	C:\Program Files\AVAST Software\Avast\aswhook.dll
0x00007ffe0f920000 - 0x00007ffe0f9d2000 	C:\WINDOWS\System32\KERNEL32.DLL
0x00007ffe0dd20000 - 0x00007ffe0dfc4000 	C:\WINDOWS\System32\KERNELBASE.dll
0x00007ffe102f0000 - 0x00007ffe10393000 	C:\WINDOWS\System32\ADVAPI32.dll
0x00007ffe10630000 - 0x00007ffe106ce000 	C:\WINDOWS\System32\msvcrt.dll
0x00007ffe0f460000 - 0x00007ffe0f4f7000 	C:\WINDOWS\System32\sechost.dll
0x00007ffe0f510000 - 0x00007ffe0f630000 	C:\WINDOWS\System32\RPCRT4.dll
0x00007ffe0fce0000 - 0x00007ffe0fe74000 	C:\WINDOWS\System32\USER32.dll
0x00007ffe0dcf0000 - 0x00007ffe0dd11000 	C:\WINDOWS\System32\win32u.dll
0x00007ffe0f630000 - 0x00007ffe0f656000 	C:\WINDOWS\System32\GDI32.dll
0x00007ffe0ebd0000 - 0x00007ffe0ed65000 	C:\WINDOWS\System32\gdi32full.dll
0x00007ffe0dc50000 - 0x00007ffe0dcee000 	C:\WINDOWS\System32\msvcp_win.dll
0x00007ffe0dfd0000 - 0x00007ffe0e0ca000 	C:\WINDOWS\System32\ucrtbase.dll
0x00007ffde5990000 - 0x00007ffde5c14000 	C:\WINDOWS\WinSxS\amd64_microsoft.windows.common-controls_6595b64144ccf1df_6.0.18362.900_none_e6beb9d913147d17\COMCTL32.dll
0x00007ffe106e0000 - 0x00007ffe10a15000 	C:\WINDOWS\System32\combase.dll
0x00007ffe0eb50000 - 0x00007ffe0ebd0000 	C:\WINDOWS\System32\bcryptPrimitives.dll
0x00007ffe0fa50000 - 0x00007ffe0fa7e000 	C:\WINDOWS\System32\IMM32.DLL
0x000000005caf0000 - 0x000000005cbc2000 	C:\Program Files\Java\jdk1.8.0_171\jre\bin\msvcr100.dll
0x000000005c250000 - 0x000000005caf0000 	C:\Program Files\Java\jdk1.8.0_171\jre\bin\server\jvm.dll
0x00007ffe0f500000 - 0x00007ffe0f508000 	C:\WINDOWS\System32\PSAPI.DLL
0x00007ffdfb7e0000 - 0x00007ffdfb7e9000 	C:\WINDOWS\SYSTEM32\WSOCK32.dll
0x00007ffe10420000 - 0x00007ffe1048f000 	C:\WINDOWS\System32\WS2_32.dll
0x00007ffe0a500000 - 0x00007ffe0a524000 	C:\WINDOWS\SYSTEM32\WINMM.dll
0x00007ffe083e0000 - 0x00007ffe083ea000 	C:\WINDOWS\SYSTEM32\VERSION.dll
0x00007ffe0a4d0000 - 0x00007ffe0a4fd000 	C:\WINDOWS\SYSTEM32\WINMMBASE.dll
0x00007ffe0e0d0000 - 0x00007ffe0e11a000 	C:\WINDOWS\System32\cfgmgr32.dll
0x000000005c240000 - 0x000000005c24f000 	C:\Program Files\Java\jdk1.8.0_171\jre\bin\verify.dll
0x000000005c210000 - 0x000000005c239000 	C:\Program Files\Java\jdk1.8.0_171\jre\bin\java.dll
0x000000005c150000 - 0x000000005c173000 	C:\Program Files\Java\jdk1.8.0_171\jre\bin\instrument.dll
0x000000005c1f0000 - 0x000000005c206000 	C:\Program Files\Java\jdk1.8.0_171\jre\bin\zip.dll
0x00007ffe0ed70000 - 0x00007ffe0f456000 	C:\WINDOWS\System32\SHELL32.dll
0x00007ffe0f660000 - 0x00007ffe0f709000 	C:\WINDOWS\System32\shcore.dll
0x00007ffe0e120000 - 0x00007ffe0e8a0000 	C:\WINDOWS\System32\windows.storage.dll
0x00007ffe0dc20000 - 0x00007ffe0dc43000 	C:\WINDOWS\System32\profapi.dll
0x00007ffe0db90000 - 0x00007ffe0dbda000 	C:\WINDOWS\System32\powrprof.dll
0x00007ffe0db80000 - 0x00007ffe0db90000 	C:\WINDOWS\System32\UMPDC.dll
0x00007ffe10c20000 - 0x00007ffe10c72000 	C:\WINDOWS\System32\shlwapi.dll
0x00007ffe0dc00000 - 0x00007ffe0dc11000 	C:\WINDOWS\System32\kernel.appcore.dll
0x00007ffe0eb30000 - 0x00007ffe0eb47000 	C:\WINDOWS\System32\cryptsp.dll
0x00007ffe04830000 - 0x00007ffe0484a000 	C:\Users\EQUIPO\AppData\Local\JetBrains\Toolbox\apps\IDEA-U\ch-0\201.6668.121\bin\breakgen64.dll
0x000000005c1a0000 - 0x000000005c1ba000 	C:\Program Files\Java\jdk1.8.0_171\jre\bin\net.dll
0x00007ffe0d390000 - 0x00007ffe0d3f7000 	C:\WINDOWS\system32\mswsock.dll
0x000000005c180000 - 0x000000005c191000 	C:\Program Files\Java\jdk1.8.0_171\jre\bin\nio.dll
0x000000005c1e0000 - 0x000000005c1ed000 	C:\Program Files\Java\jdk1.8.0_171\jre\bin\management.dll
0x00007ffde4900000 - 0x00007ffde4916000 	C:\WINDOWS\system32\napinsp.dll
0x00007ffde3de0000 - 0x00007ffde3dfa000 	C:\WINDOWS\system32\pnrpnsp.dll
0x00007ffe0d0e0000 - 0x00007ffe0d1ab000 	C:\WINDOWS\SYSTEM32\DNSAPI.dll
0x00007ffe106d0000 - 0x00007ffe106d8000 	C:\WINDOWS\System32\NSI.dll
0x00007ffe0d0a0000 - 0x00007ffe0d0da000 	C:\WINDOWS\SYSTEM32\IPHLPAPI.DLL
0x00007ffde1f80000 - 0x00007ffde1f8e000 	C:\WINDOWS\System32\winrnr.dll
0x00007ffe0a100000 - 0x00007ffe0a11c000 	C:\WINDOWS\system32\NLAapi.dll
0x00007ffde1f00000 - 0x00007ffde1f15000 	C:\WINDOWS\system32\wshbth.dll
0x00007ffdfd2c0000 - 0x00007ffdfd2ca000 	C:\Windows\System32\rasadhlp.dll
0x00007ffe04910000 - 0x00007ffe04987000 	C:\WINDOWS\System32\fwpuclnt.dll
0x00007ffe0e8a0000 - 0x00007ffe0e8c6000 	C:\WINDOWS\System32\bcrypt.dll
0x00007ffe0cf00000 - 0x00007ffe0cf33000 	C:\WINDOWS\system32\rsaenh.dll
0x00007ffe0da70000 - 0x00007ffe0da95000 	C:\WINDOWS\SYSTEM32\USERENV.dll
0x00007ffe0d560000 - 0x00007ffe0d56c000 	C:\WINDOWS\SYSTEM32\CRYPTBASE.dll
0x00007ffe05320000 - 0x00007ffe05336000 	C:\WINDOWS\SYSTEM32\dhcpcsvc6.DLL
0x00007ffe05cc0000 - 0x00007ffe05cdc000 	C:\WINDOWS\SYSTEM32\dhcpcsvc.DLL

VM Arguments:
jvm_args: -Dorg.jetbrains.run.directory=F:\PruebasOpen\Nueva carpeta\PetCare-Backend-OS\src\test\resources\features -javaagent:C:\Users\EQUIPO\AppData\Local\JetBrains\Toolbox\apps\IDEA-U\ch-0\201.6668.121\lib\idea_rt.jar=7608:C:\Users\EQUIPO\AppData\Local\JetBrains\Toolbox\apps\IDEA-U\ch-0\201.6668.121\bin -Dfile.encoding=UTF-8 
java_command: io.cucumber.core.cli.Main --plugin org.jetbrains.plugins.cucumber.java.run.CucumberJvm5SMFormatter --glue com.pe.edu.upc.petcare.cucumber --glue cucumber.api.spring F:/PruebasOpen/Nueva carpeta/PetCare-Backend-OS/src/test/resources/features/person_profile.feature
java_class_path (initial): C:\Program Files\Java\jdk1.8.0_171\jre\lib\charsets.jar;C:\Program Files\Java\jdk1.8.0_171\jre\lib\deploy.jar;C:\Program Files\Java\jdk1.8.0_171\jre\lib\ext\access-bridge-64.jar;C:\Program Files\Java\jdk1.8.0_171\jre\lib\ext\cldrdata.jar;C:\Program Files\Java\jdk1.8.0_171\jre\lib\ext\dnsns.jar;C:\Program Files\Java\jdk1.8.0_171\jre\lib\ext\jaccess.jar;C:\Program Files\Java\jdk1.8.0_171\jre\lib\ext\jfxrt.jar;C:\Program Files\Java\jdk1.8.0_171\jre\lib\ext\localedata.jar;C:\Program Files\Java\jdk1.8.0_171\jre\lib\ext\nashorn.jar;C:\Program Files\Java\jdk1.8.0_171\jre\lib\ext\sunec.jar;C:\Program Files\Java\jdk1.8.0_171\jre\lib\ext\sunjce_provider.jar;C:\Program Files\Java\jdk1.8.0_171\jre\lib\ext\sunmscapi.jar;C:\Program Files\Java\jdk1.8.0_171\jre\lib\ext\sunpkcs11.jar;C:\Program Files\Java\jdk1.8.0_171\jre\lib\ext\zipfs.jar;C:\Program Files\Java\jdk1.8.0_171\jre\lib\javaws.jar;C:\Program Files\Java\jdk1.8.0_171\jre\lib\jce.jar;C:\Program Files\Java\jdk1.8.0_171\jre\lib\jfr.jar;C:\Program Files\Java\jdk1.8.0_171\jre\lib\jfxswt.jar;C:\Program Files\Java\jdk1.8.0_171\jre\lib\jsse.jar;C:\Program Files\Java\jdk1.8.0_171\jre\lib\management-agent.jar;C:\Program Files\Java\jdk1.8.0_171\jre\lib\plugin.jar;C:\Program Files\Java\jdk1.8.0_171\jre\lib\resources.jar;C:\Program Files\Java\jdk1.8.0_171\jre\lib\rt.jar;F:\PruebasOpen\Nueva carpeta\PetCare-Backend-OS\target\test-classes;F:\PruebasOpen\Nueva carpeta\PetCare-Backend-OS\target\classes;C:\Users\EQUIPO\.m2\repository\org\postgresql\postgresql\42.2.12\postgresql-42.2.12.jar;C:\Users\EQUIPO\.m2\repository\org\projectlombok\lombok\1.18.12\lombok-1.18.12.jar;C:\Users\EQUIPO\.m2\repository\org\springdoc\springdoc-openapi-ui\1.3.7\springdoc-openapi-ui-1.3.7.jar;C:\Users\EQUIPO\.m2\repository\org\springdoc\springdoc-openapi-webmvc-core\1.3.7\springdoc-openapi-webmvc-core-1.3.7.jar;C:\Users\EQUIPO\.m2\repository\org\springdoc\springdoc-openapi-common\1.3.7\springdoc-openapi-common-1.3.7.jar;C:\Users\EQU
Launcher Type: SUN_STANDARD

Environment Variables:
USERNAME=EQUIPO
OS=Windows_NT
PROCESSOR_IDENTIFIER=Intel64 Family 6 Model 158 Stepping 9, GenuineIntel



---------------  S Y S T E M  ---------------

OS: Windows 10.0 , 64 bit Build 18362 (10.0.18362.900)

CPU:total 8 (initial active 8) (4 cores per cpu, 2 threads per core) family 6 model 158 stepping 9, cmov, cx8, fxsr, mmx, sse, sse2, sse3, ssse3, sse4.1, sse4.2, popcnt, avx, avx2, aes, clmul, erms, rtm, 3dnowpref, lzcnt, ht, tsc, tscinvbit, bmi1, bmi2, adx

Memory: 4k page, physical 8242332k(988804k free), swap 12432540k(6768k free)

vm_info: Java HotSpot(TM) 64-Bit Server VM (25.171-b11) for windows-amd64 JRE (1.8.0_171-b11), built on Mar 28 2018 16:06:12 by "java_re" with MS VC++ 10.0 (VS2010)

time: Sat Jun 20 10:00:04 2020
elapsed time: 16 seconds (0d 0h 0m 16s)

